This is pdfTeX, Version 3.14159265-2.6-1.40.16 (TeX Live 2015/Debian) (preloaded format=pdflatex 2018.5.20)  27 OCT 2018 10:01
entering extended mode
 restricted \write18 enabled.
 %&-line parsing enabled.
**\nonstopmode \input slides.tex
(./slides.tex (/usr/share/texlive/texmf-dist/tex/latex/beamer/beamer.cls
(/usr/share/texlive/texmf-dist/tex/latex/beamer/beamerbasercs.sty
Package: beamerbasercs 2015/03/08 (rcs-revision 368aa9ba9d38)
)
Document Class: beamer 2015/01/05 3.36 A class for typesetting presentations (r
cs-revision 8a39122e1f63)
(/usr/share/texlive/texmf-dist/tex/latex/beamer/beamerbasemodes.sty
Package: beamerbasemodes 2013/09/03 (rcs-revision 768f2d98ca64)
\beamer@tempbox=\box26
\beamer@tempcount=\count79
\c@beamerpauses=\count80

(/usr/share/texlive/texmf-dist/tex/latex/beamer/beamerbasedecode.sty
Package: beamerbasedecode 2010/05/01 (rcs-revision efa082c6111d)
\beamer@slideinframe=\count81
\beamer@minimum=\count82
)
\beamer@commentbox=\box27
\beamer@modecount=\count83
)
(/usr/share/texlive/texmf-dist/tex/generic/oberdiek/ifpdf.sty
Package: ifpdf 2011/01/30 v2.3 Provides the ifpdf switch (HO)
Package ifpdf Info: pdfTeX in PDF mode is detected.
)
\headheight=\dimen102
\headdp=\dimen103
\footheight=\dimen104
\sidebarheight=\dimen105
\beamer@tempdim=\dimen106
\beamer@finalheight=\dimen107
\beamer@animht=\dimen108
\beamer@animdp=\dimen109
\beamer@animwd=\dimen110
\beamer@leftmargin=\dimen111
\beamer@rightmargin=\dimen112
\beamer@leftsidebar=\dimen113
\beamer@rightsidebar=\dimen114
\beamer@boxsize=\dimen115
\beamer@vboxoffset=\dimen116
\beamer@descdefault=\dimen117
\beamer@descriptionwidth=\dimen118
\beamer@lastskip=\skip41
\beamer@areabox=\box28
\beamer@animcurrent=\box29
\beamer@animshowbox=\box30
\beamer@sectionbox=\box31
\beamer@logobox=\box32
\beamer@linebox=\box33
\beamer@sectioncount=\count84
\beamer@subsubsectionmax=\count85
\beamer@subsectionmax=\count86
\beamer@sectionmax=\count87
\beamer@totalheads=\count88
\beamer@headcounter=\count89
\beamer@partstartpage=\count90
\beamer@sectionstartpage=\count91
\beamer@subsectionstartpage=\count92
\beamer@animationtempa=\count93
\beamer@animationtempb=\count94
\beamer@xpos=\count95
\beamer@ypos=\count96
\beamer@showpartnumber=\count97
\beamer@currentsubsection=\count98
\beamer@coveringdepth=\count99
\beamer@sectionadjust=\count100
\beamer@tocsectionnumber=\count101

(/usr/share/texlive/texmf-dist/tex/latex/beamer/beamerbaseoptions.sty
Package: beamerbaseoptions 2013/03/10 (rcs-revision 47431932db0d)

(/usr/share/texlive/texmf-dist/tex/latex/graphics/keyval.sty
Package: keyval 2014/10/28 v1.15 key=value parser (DPC)
\KV@toks@=\toks14
))
\beamer@paperwidth=\skip42
\beamer@paperheight=\skip43

(/usr/share/texlive/texmf-dist/tex/latex/geometry/geometry.sty
Package: geometry 2010/09/12 v5.6 Page Geometry

(/usr/share/texlive/texmf-dist/tex/generic/oberdiek/ifvtex.sty
Package: ifvtex 2010/03/01 v1.5 Detect VTeX and its facilities (HO)
Package ifvtex Info: VTeX not detected.
)
(/usr/share/texlive/texmf-dist/tex/generic/ifxetex/ifxetex.sty
Package: ifxetex 2010/09/12 v0.6 Provides ifxetex conditional
)
\Gm@cnth=\count102
\Gm@cntv=\count103
\c@Gm@tempcnt=\count104
\Gm@bindingoffset=\dimen119
\Gm@wd@mp=\dimen120
\Gm@odd@mp=\dimen121
\Gm@even@mp=\dimen122
\Gm@layoutwidth=\dimen123
\Gm@layoutheight=\dimen124
\Gm@layouthoffset=\dimen125
\Gm@layoutvoffset=\dimen126
\Gm@dimlist=\toks15
)
(/usr/share/texlive/texmf-dist/tex/latex/base/size11.clo
File: size11.clo 2014/09/29 v1.4h Standard LaTeX file (size option)
)
(/usr/share/texlive/texmf-dist/tex/latex/pgf/basiclayer/pgfcore.sty
(/usr/share/texlive/texmf-dist/tex/latex/graphics/graphicx.sty
Package: graphicx 2014/10/28 v1.0g Enhanced LaTeX Graphics (DPC,SPQR)

(/usr/share/texlive/texmf-dist/tex/latex/graphics/graphics.sty
Package: graphics 2016/01/03 v1.0q Standard LaTeX Graphics (DPC,SPQR)

(/usr/share/texlive/texmf-dist/tex/latex/graphics/trig.sty
Package: trig 2016/01/03 v1.10 sin cos tan (DPC)
)
(/usr/share/texlive/texmf-dist/tex/latex/latexconfig/graphics.cfg
File: graphics.cfg 2010/04/23 v1.9 graphics configuration of TeX Live
)
Package graphics Info: Driver file: pdftex.def on input line 95.

(/usr/share/texlive/texmf-dist/tex/latex/pdftex-def/pdftex.def
File: pdftex.def 2011/05/27 v0.06d Graphics/color for pdfTeX

(/usr/share/texlive/texmf-dist/tex/generic/oberdiek/infwarerr.sty
Package: infwarerr 2010/04/08 v1.3 Providing info/warning/error messages (HO)
)
(/usr/share/texlive/texmf-dist/tex/generic/oberdiek/ltxcmds.sty
Package: ltxcmds 2011/11/09 v1.22 LaTeX kernel commands for general use (HO)
)
\Gread@gobject=\count105
))
\Gin@req@height=\dimen127
\Gin@req@width=\dimen128
)
(/usr/share/texlive/texmf-dist/tex/latex/pgf/systemlayer/pgfsys.sty
(/usr/share/texlive/texmf-dist/tex/latex/pgf/utilities/pgfrcs.sty
(/usr/share/texlive/texmf-dist/tex/generic/pgf/utilities/pgfutil-common.tex
\pgfutil@everybye=\toks16
\pgfutil@tempdima=\dimen129
\pgfutil@tempdimb=\dimen130

(/usr/share/texlive/texmf-dist/tex/generic/pgf/utilities/pgfutil-common-lists.t
ex)) (/usr/share/texlive/texmf-dist/tex/generic/pgf/utilities/pgfutil-latex.def
\pgfutil@abb=\box34
(/usr/share/texlive/texmf-dist/tex/latex/ms/everyshi.sty
Package: everyshi 2001/05/15 v3.00 EveryShipout Package (MS)
))
(/usr/share/texlive/texmf-dist/tex/generic/pgf/utilities/pgfrcs.code.tex
Package: pgfrcs 2015/08/07 v3.0.1a (rcs-revision 1.31)
))
(/usr/share/texlive/texmf-dist/tex/generic/pgf/systemlayer/pgfsys.code.tex
Package: pgfsys 2014/07/09 v3.0.1a (rcs-revision 1.48)

(/usr/share/texlive/texmf-dist/tex/generic/pgf/utilities/pgfkeys.code.tex
\pgfkeys@pathtoks=\toks17
\pgfkeys@temptoks=\toks18

(/usr/share/texlive/texmf-dist/tex/generic/pgf/utilities/pgfkeysfiltered.code.t
ex
\pgfkeys@tmptoks=\toks19
))
\pgf@x=\dimen131
\pgf@y=\dimen132
\pgf@xa=\dimen133
\pgf@ya=\dimen134
\pgf@xb=\dimen135
\pgf@yb=\dimen136
\pgf@xc=\dimen137
\pgf@yc=\dimen138
\w@pgf@writea=\write3
\r@pgf@reada=\read1
\c@pgf@counta=\count106
\c@pgf@countb=\count107
\c@pgf@countc=\count108
\c@pgf@countd=\count109
\t@pgf@toka=\toks20
\t@pgf@tokb=\toks21
\t@pgf@tokc=\toks22
 (/usr/share/texlive/texmf-dist/tex/generic/pgf/systemlayer/pgf.cfg
File: pgf.cfg 2008/05/14  (rcs-revision 1.7)
)
Driver file for pgf: pgfsys-pdftex.def

(/usr/share/texlive/texmf-dist/tex/generic/pgf/systemlayer/pgfsys-pdftex.def
File: pgfsys-pdftex.def 2014/10/11  (rcs-revision 1.35)

(/usr/share/texlive/texmf-dist/tex/generic/pgf/systemlayer/pgfsys-common-pdf.de
f
File: pgfsys-common-pdf.def 2013/10/10  (rcs-revision 1.13)
)))
(/usr/share/texlive/texmf-dist/tex/generic/pgf/systemlayer/pgfsyssoftpath.code.
tex
File: pgfsyssoftpath.code.tex 2013/09/09  (rcs-revision 1.9)
\pgfsyssoftpath@smallbuffer@items=\count110
\pgfsyssoftpath@bigbuffer@items=\count111
)
(/usr/share/texlive/texmf-dist/tex/generic/pgf/systemlayer/pgfsysprotocol.code.
tex
File: pgfsysprotocol.code.tex 2006/10/16  (rcs-revision 1.4)
)) (/usr/share/texlive/texmf-dist/tex/latex/xcolor/xcolor.sty
Package: xcolor 2007/01/21 v2.11 LaTeX color extensions (UK)

(/usr/share/texlive/texmf-dist/tex/latex/latexconfig/color.cfg
File: color.cfg 2007/01/18 v1.5 color configuration of teTeX/TeXLive
)
Package xcolor Info: Driver file: pdftex.def on input line 225.
Package xcolor Info: Model `cmy' substituted by `cmy0' on input line 1337.
Package xcolor Info: Model `hsb' substituted by `rgb' on input line 1341.
Package xcolor Info: Model `RGB' extended on input line 1353.
Package xcolor Info: Model `HTML' substituted by `rgb' on input line 1355.
Package xcolor Info: Model `Hsb' substituted by `hsb' on input line 1356.
Package xcolor Info: Model `tHsb' substituted by `hsb' on input line 1357.
Package xcolor Info: Model `HSB' substituted by `hsb' on input line 1358.
Package xcolor Info: Model `Gray' substituted by `gray' on input line 1359.
Package xcolor Info: Model `wave' substituted by `hsb' on input line 1360.
)
(/usr/share/texlive/texmf-dist/tex/generic/pgf/basiclayer/pgfcore.code.tex
Package: pgfcore 2010/04/11 v3.0.1a (rcs-revision 1.7)

(/usr/share/texlive/texmf-dist/tex/generic/pgf/math/pgfmath.code.tex
(/usr/share/texlive/texmf-dist/tex/generic/pgf/math/pgfmathcalc.code.tex
(/usr/share/texlive/texmf-dist/tex/generic/pgf/math/pgfmathutil.code.tex)
(/usr/share/texlive/texmf-dist/tex/generic/pgf/math/pgfmathparser.code.tex
\pgfmath@dimen=\dimen139
\pgfmath@count=\count112
\pgfmath@box=\box35
\pgfmath@toks=\toks23
\pgfmath@stack@operand=\toks24
\pgfmath@stack@operation=\toks25
)
(/usr/share/texlive/texmf-dist/tex/generic/pgf/math/pgfmathfunctions.code.tex
(/usr/share/texlive/texmf-dist/tex/generic/pgf/math/pgfmathfunctions.basic.code
.tex)
(/usr/share/texlive/texmf-dist/tex/generic/pgf/math/pgfmathfunctions.trigonomet
ric.code.tex)
(/usr/share/texlive/texmf-dist/tex/generic/pgf/math/pgfmathfunctions.random.cod
e.tex)
(/usr/share/texlive/texmf-dist/tex/generic/pgf/math/pgfmathfunctions.comparison
.code.tex)
(/usr/share/texlive/texmf-dist/tex/generic/pgf/math/pgfmathfunctions.base.code.
tex)
(/usr/share/texlive/texmf-dist/tex/generic/pgf/math/pgfmathfunctions.round.code
.tex)
(/usr/share/texlive/texmf-dist/tex/generic/pgf/math/pgfmathfunctions.misc.code.
tex)
(/usr/share/texlive/texmf-dist/tex/generic/pgf/math/pgfmathfunctions.integerari
thmetics.code.tex)))
(/usr/share/texlive/texmf-dist/tex/generic/pgf/math/pgfmathfloat.code.tex
\c@pgfmathroundto@lastzeros=\count113
))
(/usr/share/texlive/texmf-dist/tex/generic/pgf/basiclayer/pgfcorepoints.code.te
x
File: pgfcorepoints.code.tex 2013/10/07  (rcs-revision 1.27)
\pgf@picminx=\dimen140
\pgf@picmaxx=\dimen141
\pgf@picminy=\dimen142
\pgf@picmaxy=\dimen143
\pgf@pathminx=\dimen144
\pgf@pathmaxx=\dimen145
\pgf@pathminy=\dimen146
\pgf@pathmaxy=\dimen147
\pgf@xx=\dimen148
\pgf@xy=\dimen149
\pgf@yx=\dimen150
\pgf@yy=\dimen151
\pgf@zx=\dimen152
\pgf@zy=\dimen153
)
(/usr/share/texlive/texmf-dist/tex/generic/pgf/basiclayer/pgfcorepathconstruct.
code.tex
File: pgfcorepathconstruct.code.tex 2013/10/07  (rcs-revision 1.29)
\pgf@path@lastx=\dimen154
\pgf@path@lasty=\dimen155
)
(/usr/share/texlive/texmf-dist/tex/generic/pgf/basiclayer/pgfcorepathusage.code
.tex
File: pgfcorepathusage.code.tex 2014/11/02  (rcs-revision 1.24)
\pgf@shorten@end@additional=\dimen156
\pgf@shorten@start@additional=\dimen157
)
(/usr/share/texlive/texmf-dist/tex/generic/pgf/basiclayer/pgfcorescopes.code.te
x
File: pgfcorescopes.code.tex 2015/05/08  (rcs-revision 1.46)
\pgfpic=\box36
\pgf@hbox=\box37
\pgf@layerbox@main=\box38
\pgf@picture@serial@count=\count114
)
(/usr/share/texlive/texmf-dist/tex/generic/pgf/basiclayer/pgfcoregraphicstate.c
ode.tex
File: pgfcoregraphicstate.code.tex 2014/11/02  (rcs-revision 1.12)
\pgflinewidth=\dimen158
)
(/usr/share/texlive/texmf-dist/tex/generic/pgf/basiclayer/pgfcoretransformation
s.code.tex
File: pgfcoretransformations.code.tex 2015/08/07  (rcs-revision 1.20)
\pgf@pt@x=\dimen159
\pgf@pt@y=\dimen160
\pgf@pt@temp=\dimen161
)
(/usr/share/texlive/texmf-dist/tex/generic/pgf/basiclayer/pgfcorequick.code.tex
File: pgfcorequick.code.tex 2008/10/09  (rcs-revision 1.3)
)
(/usr/share/texlive/texmf-dist/tex/generic/pgf/basiclayer/pgfcoreobjects.code.t
ex
File: pgfcoreobjects.code.tex 2006/10/11  (rcs-revision 1.2)
)
(/usr/share/texlive/texmf-dist/tex/generic/pgf/basiclayer/pgfcorepathprocessing
.code.tex
File: pgfcorepathprocessing.code.tex 2013/09/09  (rcs-revision 1.9)
)
(/usr/share/texlive/texmf-dist/tex/generic/pgf/basiclayer/pgfcorearrows.code.te
x
File: pgfcorearrows.code.tex 2015/05/14  (rcs-revision 1.43)
\pgfarrowsep=\dimen162
)
(/usr/share/texlive/texmf-dist/tex/generic/pgf/basiclayer/pgfcoreshade.code.tex
File: pgfcoreshade.code.tex 2013/07/15  (rcs-revision 1.15)
\pgf@max=\dimen163
\pgf@sys@shading@range@num=\count115
)
(/usr/share/texlive/texmf-dist/tex/generic/pgf/basiclayer/pgfcoreimage.code.tex
File: pgfcoreimage.code.tex 2013/07/15  (rcs-revision 1.18)

(/usr/share/texlive/texmf-dist/tex/generic/pgf/basiclayer/pgfcoreexternal.code.
tex
File: pgfcoreexternal.code.tex 2014/07/09  (rcs-revision 1.21)
\pgfexternal@startupbox=\box39
))
(/usr/share/texlive/texmf-dist/tex/generic/pgf/basiclayer/pgfcorelayers.code.te
x
File: pgfcorelayers.code.tex 2013/07/18  (rcs-revision 1.7)
)
(/usr/share/texlive/texmf-dist/tex/generic/pgf/basiclayer/pgfcoretransparency.c
ode.tex
File: pgfcoretransparency.code.tex 2013/09/30  (rcs-revision 1.5)
)
(/usr/share/texlive/texmf-dist/tex/generic/pgf/basiclayer/pgfcorepatterns.code.
tex
File: pgfcorepatterns.code.tex 2013/11/07  (rcs-revision 1.5)
))) (/usr/share/texlive/texmf-dist/tex/latex/pgf/utilities/xxcolor.sty
Package: xxcolor 2003/10/24 ver 0.1
\XC@nummixins=\count116
\XC@countmixins=\count117
)
(/usr/share/texlive/texmf-dist/tex/generic/oberdiek/atbegshi.sty
Package: atbegshi 2011/10/05 v1.16 At begin shipout hook (HO)
)
(/usr/share/texlive/texmf-dist/tex/latex/hyperref/hyperref.sty
Package: hyperref 2012/11/06 v6.83m Hypertext links for LaTeX

(/usr/share/texlive/texmf-dist/tex/generic/oberdiek/hobsub-hyperref.sty
Package: hobsub-hyperref 2012/05/28 v1.13 Bundle oberdiek, subset hyperref (HO)


(/usr/share/texlive/texmf-dist/tex/generic/oberdiek/hobsub-generic.sty
Package: hobsub-generic 2012/05/28 v1.13 Bundle oberdiek, subset generic (HO)
Package: hobsub 2012/05/28 v1.13 Construct package bundles (HO)
Package hobsub Info: Skipping package `infwarerr' (already loaded).
Package hobsub Info: Skipping package `ltxcmds' (already loaded).
Package: ifluatex 2010/03/01 v1.3 Provides the ifluatex switch (HO)
Package ifluatex Info: LuaTeX not detected.
Package hobsub Info: Skipping package `ifvtex' (already loaded).
Package: intcalc 2007/09/27 v1.1 Expandable calculations with integers (HO)
Package hobsub Info: Skipping package `ifpdf' (already loaded).
Package: etexcmds 2011/02/16 v1.5 Avoid name clashes with e-TeX commands (HO)
Package etexcmds Info: Could not find \expanded.
(etexcmds)             That can mean that you are not using pdfTeX 1.50 or
(etexcmds)             that some package has redefined \expanded.
(etexcmds)             In the latter case, load this package earlier.
Package: kvsetkeys 2012/04/25 v1.16 Key value parser (HO)
Package: kvdefinekeys 2011/04/07 v1.3 Define keys (HO)
Package: pdftexcmds 2011/11/29 v0.20 Utility functions of pdfTeX for LuaTeX (HO
)
Package pdftexcmds Info: LuaTeX not detected.
Package pdftexcmds Info: \pdf@primitive is available.
Package pdftexcmds Info: \pdf@ifprimitive is available.
Package pdftexcmds Info: \pdfdraftmode found.
Package: pdfescape 2011/11/25 v1.13 Implements pdfTeX's escape features (HO)
Package: bigintcalc 2012/04/08 v1.3 Expandable calculations on big integers (HO
)
Package: bitset 2011/01/30 v1.1 Handle bit-vector datatype (HO)
Package: uniquecounter 2011/01/30 v1.2 Provide unlimited unique counter (HO)
)
Package hobsub Info: Skipping package `hobsub' (already loaded).
Package: letltxmacro 2010/09/02 v1.4 Let assignment for LaTeX macros (HO)
Package: hopatch 2012/05/28 v1.2 Wrapper for package hooks (HO)
Package: xcolor-patch 2011/01/30 xcolor patch
Package: atveryend 2011/06/30 v1.8 Hooks at the very end of document (HO)
Package atveryend Info: \enddocument detected (standard20110627).
Package hobsub Info: Skipping package `atbegshi' (already loaded).
Package: refcount 2011/10/16 v3.4 Data extraction from label references (HO)
Package: hycolor 2011/01/30 v1.7 Color options for hyperref/bookmark (HO)
)
(/usr/share/texlive/texmf-dist/tex/latex/oberdiek/auxhook.sty
Package: auxhook 2011/03/04 v1.3 Hooks for auxiliary files (HO)
)
(/usr/share/texlive/texmf-dist/tex/latex/oberdiek/kvoptions.sty
Package: kvoptions 2011/06/30 v3.11 Key value format for package options (HO)
)
\@linkdim=\dimen164
\Hy@linkcounter=\count118
\Hy@pagecounter=\count119

(/usr/share/texlive/texmf-dist/tex/latex/hyperref/pd1enc.def
File: pd1enc.def 2012/11/06 v6.83m Hyperref: PDFDocEncoding definition (HO)
)
\Hy@SavedSpaceFactor=\count120

(/usr/share/texlive/texmf-dist/tex/latex/latexconfig/hyperref.cfg
File: hyperref.cfg 2002/06/06 v1.2 hyperref configuration of TeXLive
)
Package hyperref Info: Option `bookmarks' set `true' on input line 4319.
Package hyperref Info: Option `bookmarksopen' set `true' on input line 4319.
Package hyperref Info: Option `implicit' set `false' on input line 4319.
Package hyperref Info: Hyper figures OFF on input line 4443.
Package hyperref Info: Link nesting OFF on input line 4448.
Package hyperref Info: Hyper index ON on input line 4451.
Package hyperref Info: Plain pages OFF on input line 4458.
Package hyperref Info: Backreferencing OFF on input line 4463.
Package hyperref Info: Implicit mode OFF; no redefinition of LaTeX internals.
Package hyperref Info: Bookmarks ON on input line 4688.
\c@Hy@tempcnt=\count121

(/usr/share/texlive/texmf-dist/tex/latex/url/url.sty
\Urlmuskip=\muskip10
Package: url 2013/09/16  ver 3.4  Verb mode for urls, etc.
)
LaTeX Info: Redefining \url on input line 5041.
\XeTeXLinkMargin=\dimen165
\Fld@menulength=\count122
\Field@Width=\dimen166
\Fld@charsize=\dimen167
Package hyperref Info: Hyper figures OFF on input line 6295.
Package hyperref Info: Link nesting OFF on input line 6300.
Package hyperref Info: Hyper index ON on input line 6303.
Package hyperref Info: backreferencing OFF on input line 6310.
Package hyperref Info: Link coloring OFF on input line 6315.
Package hyperref Info: Link coloring with OCG OFF on input line 6320.
Package hyperref Info: PDF/A mode OFF on input line 6325.
LaTeX Info: Redefining \ref on input line 6365.
LaTeX Info: Redefining \pageref on input line 6369.
\Hy@abspage=\count123


Package hyperref Message: Stopped early.

)

Package hyperref Message: Driver (autodetected): hpdftex.

(/usr/share/texlive/texmf-dist/tex/latex/hyperref/hpdftex.def
File: hpdftex.def 2012/11/06 v6.83m Hyperref driver for pdfTeX
\Fld@listcount=\count124
\c@bookmark@seq@number=\count125

(/usr/share/texlive/texmf-dist/tex/latex/oberdiek/rerunfilecheck.sty
Package: rerunfilecheck 2011/04/15 v1.7 Rerun checks for auxiliary files (HO)
Package uniquecounter Info: New unique counter `rerunfilecheck' on input line 2
82.
))
(/usr/share/texlive/texmf-dist/tex/latex/beamer/beamerbaserequires.sty
Package: beamerbaserequires 2010/05/01  (rcs-revision efa082c6111d)

(/usr/share/texlive/texmf-dist/tex/latex/beamer/beamerbasecompatibility.sty
Package: beamerbasecompatibility 2012/05/01  (rcs-revision 67c48b3b652d)
)
(/usr/share/texlive/texmf-dist/tex/latex/beamer/beamerbasefont.sty
Package: beamerbasefont 2015/01/05  (rcs-revision b4b4bee242e2)

(/usr/share/texlive/texmf-dist/tex/latex/amsfonts/amssymb.sty
Package: amssymb 2013/01/14 v3.01 AMS font symbols

(/usr/share/texlive/texmf-dist/tex/latex/amsfonts/amsfonts.sty
Package: amsfonts 2013/01/14 v3.01 Basic AMSFonts support
\@emptytoks=\toks26
\symAMSa=\mathgroup4
\symAMSb=\mathgroup5
LaTeX Font Info:    Overwriting math alphabet `\mathfrak' in version `bold'
(Font)                  U/euf/m/n --> U/euf/b/n on input line 106.
))
(/usr/share/texlive/texmf-dist/tex/latex/sansmathaccent/sansmathaccent.sty
Package: sansmathaccent 2013/03/28

(/usr/share/texlive/texmf-dist/tex/latex/filehook/filehook.sty
Package: filehook 2011/10/12 v0.5d Hooks for input files
)))
(/usr/share/texlive/texmf-dist/tex/latex/beamer/beamerbasetranslator.sty
Package: beamerbasetranslator 2010/06/11  (rcs-revision 85fd1cc7fc42)

(/usr/share/texlive/texmf-dist/tex/latex/beamer/translator/translator.sty
Package: translator 2010/06/12 ver 1.10

(/usr/share/texlive/texmf-dist/tex/latex/beamer/translator/translator-language-
mappings.tex)))
(/usr/share/texlive/texmf-dist/tex/latex/beamer/beamerbasemisc.sty
Package: beamerbasemisc 2013/09/03  (rcs-revision a55719c41d85)
)
(/usr/share/texlive/texmf-dist/tex/latex/beamer/beamerbasetwoscreens.sty
Package: beamerbasetwoscreens 2010/05/01  (rcs-revision efa082c6111d)
)
(/usr/share/texlive/texmf-dist/tex/latex/beamer/beamerbaseoverlay.sty
Package: beamerbaseoverlay 2013/12/25  (rcs-revision f6bd5e3805da)
\beamer@argscount=\count126
\beamer@lastskipcover=\skip44
\beamer@trivlistdepth=\count127
)
(/usr/share/texlive/texmf-dist/tex/latex/beamer/beamerbasetitle.sty
Package: beamerbasetitle 2010/09/21  (rcs-revision f0446ed0b6ae)
)
(/usr/share/texlive/texmf-dist/tex/latex/beamer/beamerbasesection.sty
Package: beamerbasesection 2013/06/07  (rcs-revision 60b9fe0f342f)
\c@lecture=\count128
\c@part=\count129
\c@section=\count130
\c@subsection=\count131
\c@subsubsection=\count132
)
(/usr/share/texlive/texmf-dist/tex/latex/beamer/beamerbaseframe.sty
Package: beamerbaseframe 2014/02/20  (rcs-revision 4b8ceeeff434)
\beamer@framebox=\box40
\beamer@frametitlebox=\box41
\beamer@zoombox=\box42
\beamer@zoomcount=\count133
\beamer@zoomframecount=\count134
\beamer@frametextheight=\dimen168
\c@subsectionslide=\count135
\beamer@frametopskip=\skip45
\beamer@framebottomskip=\skip46
\beamer@frametopskipautobreak=\skip47
\beamer@framebottomskipautobreak=\skip48
\beamer@envbody=\toks27
\framewidth=\dimen169
\c@framenumber=\count136
)
(/usr/share/texlive/texmf-dist/tex/latex/beamer/beamerbaseverbatim.sty
Package: beamerbaseverbatim 2015/01/05  (rcs-revision 431510bb5890)
\beamer@verbatimfileout=\write4
)
(/usr/share/texlive/texmf-dist/tex/latex/beamer/beamerbaseframesize.sty
Package: beamerbaseframesize 2011/09/12  (rcs-revision 70f9d8411e54)
\beamer@splitbox=\box43
\beamer@autobreakcount=\count137
\beamer@autobreaklastheight=\dimen170
\beamer@frametitletoks=\toks28
\beamer@framesubtitletoks=\toks29
)
(/usr/share/texlive/texmf-dist/tex/latex/beamer/beamerbaseframecomponents.sty
Package: beamerbaseframecomponents 2013/10/18  (rcs-revision 5cf6c5555a45)
\beamer@footins=\box44
)
(/usr/share/texlive/texmf-dist/tex/latex/beamer/beamerbasecolor.sty
Package: beamerbasecolor 2015/02/21  (rcs-revision d944b04ee2d5)
)
(/usr/share/texlive/texmf-dist/tex/latex/beamer/beamerbasenotes.sty
Package: beamerbasenotes 2012/12/19  (rcs-revision 1686da3db3c9)
\beamer@frameboxcopy=\box45
)
(/usr/share/texlive/texmf-dist/tex/latex/beamer/beamerbasetoc.sty
Package: beamerbasetoc 2015/03/08  (rcs-revision 7270298bbaae)
)
(/usr/share/texlive/texmf-dist/tex/latex/beamer/beamerbasetemplates.sty
Package: beamerbasetemplates 2010/05/01  (rcs-revision efa082c6111d)
\beamer@sbttoks=\toks30

(/usr/share/texlive/texmf-dist/tex/latex/beamer/beamerbaseauxtemplates.sty
Package: beamerbaseauxtemplates 2014/06/30  (rcs-revision 580088513a67)

(/usr/share/texlive/texmf-dist/tex/latex/beamer/beamerbaseboxes.sty
Package: beamerbaseboxes 2012/05/13  (rcs-revision 56972908a390)
\bmb@box=\box46
\bmb@colorbox=\box47
\bmb@boxshadow=\box48
\bmb@boxshadowball=\box49
\bmb@boxshadowballlarge=\box50
\bmb@temp=\dimen171
\bmb@dima=\dimen172
\bmb@dimb=\dimen173
\bmb@prevheight=\dimen174
)
\beamer@blockheadheight=\dimen175
))
(/usr/share/texlive/texmf-dist/tex/latex/beamer/beamerbaselocalstructure.sty
Package: beamerbaselocalstructure 2014/09/10  (rcs-revision 393f6dcff371)

(/usr/share/texlive/texmf-dist/tex/latex/tools/enumerate.sty
Package: enumerate 2015/07/23 v3.00 enumerate extensions (DPC)
\@enLab=\toks31
)
\c@figure=\count138
\c@table=\count139
\abovecaptionskip=\skip49
\belowcaptionskip=\skip50
)
(/usr/share/texlive/texmf-dist/tex/latex/beamer/beamerbasenavigation.sty
Package: beamerbasenavigation 2015/02/27  (rcs-revision 923f4bf87efa)
\beamer@section@min@dim=\dimen176
)
(/usr/share/texlive/texmf-dist/tex/latex/beamer/beamerbasetheorems.sty
Package: beamerbasetheorems 2010/06/06  (rcs-revision 7e7cc5e53e9d)

(/usr/share/texlive/texmf-dist/tex/latex/amsmath/amsmath.sty
Package: amsmath 2016/03/03 v2.15a AMS math features
\@mathmargin=\skip51

For additional information on amsmath, use the `?' option.
(/usr/share/texlive/texmf-dist/tex/latex/amsmath/amstext.sty
Package: amstext 2000/06/29 v2.01 AMS text

(/usr/share/texlive/texmf-dist/tex/latex/amsmath/amsgen.sty
File: amsgen.sty 1999/11/30 v2.0 generic functions
\@emptytoks=\toks32
\ex@=\dimen177
))
(/usr/share/texlive/texmf-dist/tex/latex/amsmath/amsbsy.sty
Package: amsbsy 1999/11/29 v1.2d Bold Symbols
\pmbraise@=\dimen178
)
(/usr/share/texlive/texmf-dist/tex/latex/amsmath/amsopn.sty
Package: amsopn 1999/12/14 v2.01 operator names
)
\inf@bad=\count140
LaTeX Info: Redefining \frac on input line 199.
\uproot@=\count141
\leftroot@=\count142
LaTeX Info: Redefining \overline on input line 297.
\classnum@=\count143
\DOTSCASE@=\count144
LaTeX Info: Redefining \ldots on input line 394.
LaTeX Info: Redefining \dots on input line 397.
LaTeX Info: Redefining \cdots on input line 518.
\Mathstrutbox@=\box51
\strutbox@=\box52
\big@size=\dimen179
LaTeX Font Info:    Redeclaring font encoding OML on input line 630.
LaTeX Font Info:    Redeclaring font encoding OMS on input line 631.
\macc@depth=\count145
\c@MaxMatrixCols=\count146
\dotsspace@=\muskip11
\c@parentequation=\count147
\dspbrk@lvl=\count148
\tag@help=\toks33
\row@=\count149
\column@=\count150
\maxfields@=\count151
\andhelp@=\toks34
\eqnshift@=\dimen180
\alignsep@=\dimen181
\tagshift@=\dimen182
\tagwidth@=\dimen183
\totwidth@=\dimen184
\lineht@=\dimen185
\@envbody=\toks35
\multlinegap=\skip52
\multlinetaggap=\skip53
\mathdisplay@stack=\toks36
LaTeX Info: Redefining \[ on input line 2735.
LaTeX Info: Redefining \] on input line 2736.
)
(/usr/share/texlive/texmf-dist/tex/latex/amscls/amsthm.sty
Package: amsthm 2015/03/04 v2.20.2
\thm@style=\toks37
\thm@bodyfont=\toks38
\thm@headfont=\toks39
\thm@notefont=\toks40
\thm@headpunct=\toks41
\thm@preskip=\skip54
\thm@postskip=\skip55
\thm@headsep=\skip56
\dth@everypar=\toks42
)
\c@theorem=\count152
)
(/usr/share/texlive/texmf-dist/tex/latex/beamer/beamerbasethemes.sty
Package: beamerbasethemes 2010/05/01  (rcs-revision efa082c6111d)
))
(/usr/share/texlive/texmf-dist/tex/latex/beamer/themes/theme/beamerthemedefault
.sty
Package: beamerthemedefault 2010/06/17  (rcs-revision d02a7cf4d8ae)

(/usr/share/texlive/texmf-dist/tex/latex/beamer/themes/font/beamerfontthemedefa
ult.sty
Package: beamerfontthemedefault 2012/12/19  (rcs-revision 1686da3db3c9)
)
(/usr/share/texlive/texmf-dist/tex/latex/beamer/themes/color/beamercolorthemede
fault.sty
Package: beamercolorthemedefault 2012/12/19  (rcs-revision 1686da3db3c9)
)
(/usr/share/texlive/texmf-dist/tex/latex/beamer/themes/inner/beamerinnerthemede
fault.sty
Package: beamerinnerthemedefault 2014/06/30  (rcs-revision 580088513a67)
\beamer@dima=\dimen186
\beamer@dimb=\dimen187
)
(/usr/share/texlive/texmf-dist/tex/latex/beamer/themes/outer/beamerouterthemede
fault.sty
Package: beamerouterthemedefault 2012/12/19  (rcs-revision 1686da3db3c9)
))) (/usr/share/texlive/texmf-dist/tex/latex/blindtext/blindtext.sty
Package: blindtext 2012/01/06 V2.0 blindtext-Package

(/usr/share/texlive/texmf-dist/tex/latex/tools/xspace.sty
Package: xspace 2014/10/28 v1.13 Space after command names (DPC,MH)
)
\c@blindtext=\count153
\c@Blindtext=\count154
\c@blind@countparstart=\count155
\blind@countxx=\count156
\blindtext@numBlindtext=\count157
\blind@countyy=\count158
\c@blindlist=\count159
\c@blindlistlevel=\count160
\c@blindlist@level=\count161
\blind@listitem=\count162
\c@blind@listcount=\count163
\c@blind@levelcount=\count164
\blind@mathformula=\count165
\blind@Mathformula=\count166
\c@blind@randomcount=\count167
\c@blind@randommax=\count168
\c@blind@pangramcount=\count169
\c@blind@pangrammax=\count170
)
(/usr/share/texlive/texmf-dist/tex/latex/fancybox/fancybox.sty
Package: fancybox 2010/05/15 1.4

Style option: `fancybox' v1.4 <2010/05/15> (tvz)
\@fancybox=\box53
\shadowsize=\dimen188
\@Sbox=\box54
\do@VerbBox=\toks43
\the@fancyput=\toks44
\this@fancyput=\toks45
\EndVerbatimTokens=\toks46
\Verbatim@Outfile=\write5
\Verbatim@Infile=\read2
) (/usr/share/texlive/texmf-dist/tex/latex/pgf/frontendlayer/tikz.sty
(/usr/share/texlive/texmf-dist/tex/latex/pgf/basiclayer/pgf.sty
Package: pgf 2015/08/07 v3.0.1a (rcs-revision 1.15)

(/usr/share/texlive/texmf-dist/tex/generic/pgf/modules/pgfmoduleshapes.code.tex
File: pgfmoduleshapes.code.tex 2014/03/21  (rcs-revision 1.35)
\pgfnodeparttextbox=\box55
) (/usr/share/texlive/texmf-dist/tex/generic/pgf/modules/pgfmoduleplot.code.tex
File: pgfmoduleplot.code.tex 2015/08/03  (rcs-revision 1.13)
)
(/usr/share/texlive/texmf-dist/tex/latex/pgf/compatibility/pgfcomp-version-0-65
.sty
Package: pgfcomp-version-0-65 2007/07/03 v3.0.1a (rcs-revision 1.7)
\pgf@nodesepstart=\dimen189
\pgf@nodesepend=\dimen190
)
(/usr/share/texlive/texmf-dist/tex/latex/pgf/compatibility/pgfcomp-version-1-18
.sty
Package: pgfcomp-version-1-18 2007/07/23 v3.0.1a (rcs-revision 1.1)
)) (/usr/share/texlive/texmf-dist/tex/latex/pgf/utilities/pgffor.sty
(/usr/share/texlive/texmf-dist/tex/latex/pgf/utilities/pgfkeys.sty
(/usr/share/texlive/texmf-dist/tex/generic/pgf/utilities/pgfkeys.code.tex))
(/usr/share/texlive/texmf-dist/tex/latex/pgf/math/pgfmath.sty
(/usr/share/texlive/texmf-dist/tex/generic/pgf/math/pgfmath.code.tex))
(/usr/share/texlive/texmf-dist/tex/generic/pgf/utilities/pgffor.code.tex
Package: pgffor 2013/12/13 v3.0.1a (rcs-revision 1.25)

(/usr/share/texlive/texmf-dist/tex/generic/pgf/math/pgfmath.code.tex)
\pgffor@iter=\dimen191
\pgffor@skip=\dimen192
\pgffor@stack=\toks47
\pgffor@toks=\toks48
))
(/usr/share/texlive/texmf-dist/tex/generic/pgf/frontendlayer/tikz/tikz.code.tex
Package: tikz 2015/08/07 v3.0.1a (rcs-revision 1.151)

(/usr/share/texlive/texmf-dist/tex/generic/pgf/libraries/pgflibraryplothandlers
.code.tex
File: pgflibraryplothandlers.code.tex 2013/08/31 v3.0.1a (rcs-revision 1.20)
\pgf@plot@mark@count=\count171
\pgfplotmarksize=\dimen193
)
\tikz@lastx=\dimen194
\tikz@lasty=\dimen195
\tikz@lastxsaved=\dimen196
\tikz@lastysaved=\dimen197
\tikzleveldistance=\dimen198
\tikzsiblingdistance=\dimen199
\tikz@figbox=\box56
\tikz@figbox@bg=\box57
\tikz@tempbox=\box58
\tikz@tempbox@bg=\box59
\tikztreelevel=\count172
\tikznumberofchildren=\count173
\tikznumberofcurrentchild=\count174
\tikz@fig@count=\count175

(/usr/share/texlive/texmf-dist/tex/generic/pgf/modules/pgfmodulematrix.code.tex
File: pgfmodulematrix.code.tex 2013/09/17  (rcs-revision 1.8)
\pgfmatrixcurrentrow=\count176
\pgfmatrixcurrentcolumn=\count177
\pgf@matrix@numberofcolumns=\count178
)
\tikz@expandcount=\count179

(/usr/share/texlive/texmf-dist/tex/generic/pgf/frontendlayer/tikz/libraries/tik
zlibrarytopaths.code.tex
File: tikzlibrarytopaths.code.tex 2008/06/17 v3.0.1a (rcs-revision 1.2)
)))
(/usr/share/texlive/texmf-dist/tex/latex/caption/caption.sty
Package: caption 2016/02/21 v3.3-144 Customizing captions (AR)

(/usr/share/texlive/texmf-dist/tex/latex/caption/caption3.sty
Package: caption3 2016/02/04 v1.7-139 caption3 kernel (AR)
Package caption3 Info: TeX engine: e-TeX on input line 67.
\captionmargin=\dimen256
\captionmargin@=\dimen257
\captionwidth=\dimen258
\caption@tempdima=\dimen259
\caption@indent=\dimen260
\caption@parindent=\dimen261
\caption@hangindent=\dimen262
)
\c@ContinuedFloat=\count180
Package caption Info: beamer document class.
Package caption Info: hyperref package is loaded.
Package caption Info: Hyperref support is turned off
(caption)             because hyperref has stopped early.
)
(/usr/share/texlive/texmf-dist/tex/latex/framed/framed.sty
Package: framed 2011/10/22 v 0.96: framed or shaded text with page breaks
\OuterFrameSep=\skip57
\fb@frw=\dimen263
\fb@frh=\dimen264
\FrameRule=\dimen265
\FrameSep=\dimen266
)
(/usr/share/texlive/texmf-dist/tex/latex/biblatex/biblatex.sty
Package: biblatex 2016/03/03 v3.3 programmable bibliographies (PK/JW/AB)

(/usr/share/texlive/texmf-dist/tex/latex/biblatex/biblatex_legacy.sty
Package: biblatex_legacy 2016/03/03 v3.3 programmable bibliographies (bibtex) (
PK/JW/AB)

(/usr/share/texlive/texmf-dist/tex/latex/etoolbox/etoolbox.sty
Package: etoolbox 2015/08/02 v2.2a e-TeX tools for LaTeX (JAW)
\etb@tempcnta=\count181
)
(/usr/share/texlive/texmf-dist/tex/latex/logreq/logreq.sty
Package: logreq 2010/08/04 v1.0 xml request logger
\lrq@indent=\count182

(/usr/share/texlive/texmf-dist/tex/latex/logreq/logreq.def
File: logreq.def 2010/08/04 v1.0 logreq spec v1.0
))
(/usr/share/texlive/texmf-dist/tex/latex/base/ifthen.sty
Package: ifthen 2014/09/29 v1.1c Standard LaTeX ifthen package (DPC)
)
\c@tabx@nest=\count183
\c@listtotal=\count184
\c@listcount=\count185
\c@liststart=\count186
\c@liststop=\count187
\c@citecount=\count188
\c@citetotal=\count189
\c@multicitecount=\count190
\c@multicitetotal=\count191
\c@instcount=\count192
\c@maxnames=\count193
\c@minnames=\count194
\c@maxitems=\count195
\c@minitems=\count196
\c@citecounter=\count197
\c@savedcitecounter=\count198
\c@uniquelist=\count199
\c@uniquename=\count266
\c@refsection=\count267
\c@refsegment=\count268
\c@maxextrayear=\count269
\c@maxextraalpha=\count270
\c@abbrvpenalty=\count271
\c@highnamepenalty=\count272
\c@lownamepenalty=\count273
\c@maxparens=\count274
\c@parenlevel=\count275
\blx@tempcnta=\count276
\blx@tempcntb=\count277
\blx@tempcntc=\count278
\blx@maxsection=\count279
\blx@maxsegment=\count280
\blx@notetype=\count281
\blx@parenlevel@text=\count282
\blx@parenlevel@foot=\count283
\labelnumberwidth=\skip58
\labelalphawidth=\skip59
\shorthandwidth=\skip60
\biblabelsep=\skip61
\bibitemsep=\skip62
\bibnamesep=\skip63
\bibinitsep=\skip64
\bibparsep=\skip65
\bibhang=\skip66
\blx@auxin=\read3
\blx@auxout=\write6
\c@mincomprange=\count284
\c@maxcomprange=\count285
\c@mincompwidth=\count286
\c@labelname=\count287
\c@savedlabelname=\count288
\c@author=\count289
\c@savedauthor=\count290
\c@shortauthor=\count291
\c@savedshortauthor=\count292
\c@editor=\count293
\c@savededitor=\count294
\c@editora=\count295
\c@savededitora=\count296
\c@editorb=\count297
\c@savededitorb=\count298
\c@editorc=\count299
\c@savededitorc=\count300
\c@shorteditor=\count301
\c@savedshorteditor=\count302
\c@bookauthor=\count303
\c@savedbookauthor=\count304
\c@translator=\count305
\c@savedtranslator=\count306
\c@annotator=\count307
\c@savedannotator=\count308
\c@commentator=\count309
\c@savedcommentator=\count310
\c@introduction=\count311
\c@savedintroduction=\count312
\c@foreword=\count313
\c@savedforeword=\count314
\c@afterword=\count315
\c@savedafterword=\count316
\c@holder=\count317
\c@savedholder=\count318
\c@namea=\count319
\c@savednamea=\count320
\c@nameb=\count321
\c@savednameb=\count322
\c@namec=\count323
\c@savednamec=\count324
\c@institution=\count325
\c@savedinstitution=\count326
\c@language=\count327
\c@savedlanguage=\count328
\c@location=\count329
\c@savedlocation=\count330
\c@organization=\count331
\c@savedorganization=\count332
\c@origlocation=\count333
\c@savedoriglocation=\count334
\c@origpublisher=\count335
\c@savedorigpublisher=\count336
\c@pageref=\count337
\c@savedpageref=\count338
\c@publisher=\count339
\c@savedpublisher=\count340
\c@lista=\count341
\c@savedlista=\count342
\c@listb=\count343
\c@savedlistb=\count344
\c@listc=\count345
\c@savedlistc=\count346
\c@listd=\count347
\c@savedlistd=\count348
\c@liste=\count349
\c@savedliste=\count350
\c@listf=\count351
\c@savedlistf=\count352
Package biblatex Info: Trying to load compatibility code...
Package biblatex Info: ... file 'blx-compat.def' found.

(/usr/share/texlive/texmf-dist/tex/latex/biblatex/blx-compat.def
File: blx-compat.def 2016/03/03 v3.3 biblatex compatibility (PK/JW/AB)
)
Package biblatex Info: Trying to load generic definitions...
Package biblatex Info: ... file 'biblatex_legacy.def' found.

(/usr/share/texlive/texmf-dist/tex/latex/biblatex/biblatex_legacy.def
File: biblatex_legacy.def 
\c@textcitecount=\count353
\c@textcitetotal=\count354
\c@textcitemaxnames=\count355
\c@biburlnumpenalty=\count356
\c@biburlucpenalty=\count357
\c@biburllcpenalty=\count358
\c@smartand=\count359
)
Package biblatex Info: Trying to load bibliography style 'numeric'...
Package biblatex Info: ... file 'numeric.bbx' found.

(/usr/share/texlive/texmf-dist/tex/latex/biblatex/bbx/numeric.bbx
File: numeric.bbx 2016/03/03 v3.3 biblatex bibliography style (PK/JW/AB)
Package biblatex Info: Trying to load bibliography style 'standard'...
Package biblatex Info: ... file 'standard.bbx' found.

(/usr/share/texlive/texmf-dist/tex/latex/biblatex/bbx/standard.bbx
File: standard.bbx 2016/03/03 v3.3 biblatex bibliography style (PK/JW/AB)
\c@bbx:relatedcount=\count360
\c@bbx:relatedtotal=\count361
))
Package biblatex Info: Trying to load citation style 'numeric'...
Package biblatex Info: ... file 'numeric.cbx' found.

(/usr/share/texlive/texmf-dist/tex/latex/biblatex/cbx/numeric.cbx
File: numeric.cbx 2016/03/03 v3.3 biblatex citation style (PK/JW/AB)
Package biblatex Info: Redefining '\cite'.
Package biblatex Info: Redefining '\parencite'.
Package biblatex Info: Redefining '\footcite'.
Package biblatex Info: Redefining '\footcitetext'.
Package biblatex Info: Redefining '\smartcite'.
Package biblatex Info: Redefining '\supercite'.
Package biblatex Info: Redefining '\textcite'.
Package biblatex Info: Redefining '\textcites'.
Package biblatex Info: Redefining '\cites'.
Package biblatex Info: Redefining '\parencites'.
Package biblatex Info: Redefining '\smartcites'.
)
Package biblatex Info: Trying to load configuration file...
Package biblatex Info: ... file 'biblatex.cfg' found.

(/usr/share/texlive/texmf-dist/tex/latex/biblatex/biblatex.cfg
File: biblatex.cfg 
)))
(/usr/share/texlive/texmf-dist/tex/latex/beamertheme-metropolis/beamerthememetr
opolis.sty
Package: beamerthememetropolis 2016/03/14 v1.1 Metropolis Beamer theme
 (/usr/share/texlive/texmf-dist/tex/latex/pgfopts/pgfopts.sty
Package: pgfopts 2014/07/10 v2.1a LaTeX package options with pgfkeys
\pgfopts@list@add@a@toks=\toks49
\pgfopts@list@add@b@toks=\toks50
)
(/usr/share/texlive/texmf-dist/tex/latex/beamertheme-metropolis/beamerinnerthem
emetropolis.sty
Package: beamerinnerthememetropolis 2016/03/14 Metropolis inner theme
 (/usr/share/texlive/texmf-dist/tex/latex/tools/calc.sty
Package: calc 2014/10/28 v4.3 Infix arithmetic (KKT,FJ)
\calc@Acount=\count362
\calc@Bcount=\count363
\calc@Adimen=\dimen267
\calc@Bdimen=\dimen268
\calc@Askip=\skip67
\calc@Bskip=\skip68
LaTeX Info: Redefining \setlength on input line 80.
LaTeX Info: Redefining \addtolength on input line 81.
\calc@Ccount=\count364
\calc@Cskip=\skip69
)
\metropolis@progressonsectionpage=\skip70
\metropolis@blocksep=\skip71
\metropolis@blockadjust=\skip72
\metropolis@parskip=\skip73
)
(/usr/share/texlive/texmf-dist/tex/latex/beamertheme-metropolis/beamerouterthem
emetropolis.sty
Package: beamerouterthememetropolis 2016/03/14 Metropolis outer theme
\metropolis@frametitle@padding=\skip74
\metropolis@progressinheadfoot=\skip75
)
(/usr/share/texlive/texmf-dist/tex/latex/beamertheme-metropolis/beamercolorthem
emetropolis.sty
Package: beamercolorthememetropolis 2016/03/14 Metropolis color theme
)
(/usr/share/texlive/texmf-dist/tex/latex/beamertheme-metropolis/beamerfonttheme
metropolis.sty
Package: beamerfontthememetropolis 2016/03/14 Metropolis font theme


Package beamerthememetropolis Warning: You need to compile with XeLaTeX or LuaL
aTeX to use the Fira fonts on input line 91.

))
Package biblatex Info: Trying to load language 'english'...
Package biblatex Info: ... file 'english.lbx' found.
 (/usr/share/texlive/texmf-dist/tex/latex/biblatex/lbx/english.lbx
File: english.lbx 2016/03/03 v3.3 biblatex localization (PK/JW/AB)
)

Package biblatex Warning: Patching footnotes failed.
(biblatex)                Footnote detection will not work.

\@quotelevel=\count365
\@quotereset=\count366
(./slides.aux)
\openout1 = `slides.aux'.

LaTeX Font Info:    Checking defaults for OML/cmm/m/it on input line 26.
LaTeX Font Info:    ... okay on input line 26.
LaTeX Font Info:    Checking defaults for T1/cmr/m/n on input line 26.
LaTeX Font Info:    ... okay on input line 26.
LaTeX Font Info:    Checking defaults for OT1/cmr/m/n on input line 26.
LaTeX Font Info:    ... okay on input line 26.
LaTeX Font Info:    Checking defaults for OMS/cmsy/m/n on input line 26.
LaTeX Font Info:    ... okay on input line 26.
LaTeX Font Info:    Checking defaults for OMX/cmex/m/n on input line 26.
LaTeX Font Info:    ... okay on input line 26.
LaTeX Font Info:    Checking defaults for U/cmr/m/n on input line 26.
LaTeX Font Info:    ... okay on input line 26.
LaTeX Font Info:    Checking defaults for PD1/pdf/m/n on input line 26.
LaTeX Font Info:    ... okay on input line 26.

*geometry* driver: auto-detecting
*geometry* detected driver: pdftex
*geometry* verbose mode - [ preamble ] result:
* driver: pdftex
* paper: custom
* layout: <same size as paper>
* layoutoffset:(h,v)=(0.0pt,0.0pt)
* modes: includehead includefoot 
* h-part:(L,W,R)=(28.45274pt, 307.28987pt, 28.45274pt)
* v-part:(T,H,B)=(0.0pt, 273.14662pt, 0.0pt)
* \paperwidth=364.19536pt
* \paperheight=273.14662pt
* \textwidth=307.28987pt
* \textheight=244.6939pt
* \oddsidemargin=-43.81725pt
* \evensidemargin=-43.81725pt
* \topmargin=-72.26999pt
* \headheight=14.22636pt
* \headsep=0.0pt
* \topskip=11.0pt
* \footskip=14.22636pt
* \marginparwidth=4.0pt
* \marginparsep=10.0pt
* \columnsep=10.0pt
* \skip\footins=10.0pt plus 4.0pt minus 2.0pt
* \hoffset=0.0pt
* \voffset=0.0pt
* \mag=1000
* \@twocolumnfalse
* \@twosidefalse
* \@mparswitchfalse
* \@reversemarginfalse
* (1in=72.27pt=25.4mm, 1cm=28.453pt)

(/usr/share/texlive/texmf-dist/tex/context/base/supp-pdf.mkii
[Loading MPS to PDF converter (version 2006.09.02).]
\scratchcounter=\count367
\scratchdimen=\dimen269
\scratchbox=\box60
\nofMPsegments=\count368
\nofMParguments=\count369
\everyMPshowfont=\toks51
\MPscratchCnt=\count370
\MPscratchDim=\dimen270
\MPnumerator=\count371
\makeMPintoPDFobject=\count372
\everyMPtoPDFconversion=\toks52
) (/usr/share/texlive/texmf-dist/tex/latex/oberdiek/epstopdf-base.sty
Package: epstopdf-base 2010/02/09 v2.5 Base part for package epstopdf

(/usr/share/texlive/texmf-dist/tex/latex/oberdiek/grfext.sty
Package: grfext 2010/08/19 v1.1 Manage graphics extensions (HO)
)
Package grfext Info: Graphics extension search list:
(grfext)             [.png,.pdf,.jpg,.mps,.jpeg,.jbig2,.jb2,.PNG,.PDF,.JPG,.JPE
G,.JBIG2,.JB2,.eps]
(grfext)             \AppendGraphicsExtensions on input line 452.

(/usr/share/texlive/texmf-dist/tex/latex/latexconfig/epstopdf-sys.cfg
File: epstopdf-sys.cfg 2010/07/13 v1.3 Configuration of (r)epstopdf for TeX Liv
e
))
ABD: EveryShipout initializing macros
\AtBeginShipoutBox=\box61
Package hyperref Info: Link coloring OFF on input line 26.

(/usr/share/texlive/texmf-dist/tex/latex/hyperref/nameref.sty
Package: nameref 2012/10/27 v2.43 Cross-referencing by name of section

(/usr/share/texlive/texmf-dist/tex/generic/oberdiek/gettitlestring.sty
Package: gettitlestring 2010/12/03 v1.4 Cleanup title references (HO)
)
\c@section@level=\count373
)
LaTeX Info: Redefining \ref on input line 26.
LaTeX Info: Redefining \pageref on input line 26.
LaTeX Info: Redefining \nameref on input line 26.

(./slides.out) (./slides.out)
\@outlinefile=\write7
\openout7 = `slides.out'.

LaTeX Font Info:    Overwriting symbol font `operators' in version `normal'
(Font)                  OT1/cmr/m/n --> OT1/cmss/m/n on input line 26.
LaTeX Font Info:    Overwriting symbol font `operators' in version `bold'
(Font)                  OT1/cmr/bx/n --> OT1/cmss/bx/n on input line 26.
\symnumbers=\mathgroup6
\sympureletters=\mathgroup7
LaTeX Font Info:    Overwriting math alphabet `\mathrm' in version `normal'
(Font)                  OT1/cmss/m/n --> OT1/cmr/m/n on input line 26.
LaTeX Font Info:    Redeclaring math alphabet \mathbf on input line 26.
LaTeX Font Info:    Overwriting math alphabet `\mathbf' in version `normal'
(Font)                  OT1/cmr/bx/n --> OT1/cmss/bx/n on input line 26.
LaTeX Font Info:    Overwriting math alphabet `\mathbf' in version `bold'
(Font)                  OT1/cmr/bx/n --> OT1/cmss/bx/n on input line 26.
LaTeX Font Info:    Redeclaring math alphabet \mathsf on input line 26.
LaTeX Font Info:    Overwriting math alphabet `\mathsf' in version `normal'
(Font)                  OT1/cmss/m/n --> OT1/cmss/m/n on input line 26.
LaTeX Font Info:    Overwriting math alphabet `\mathsf' in version `bold'
(Font)                  OT1/cmss/bx/n --> OT1/cmss/m/n on input line 26.
LaTeX Font Info:    Redeclaring math alphabet \mathit on input line 26.
LaTeX Font Info:    Overwriting math alphabet `\mathit' in version `normal'
(Font)                  OT1/cmr/m/it --> OT1/cmss/m/it on input line 26.
LaTeX Font Info:    Overwriting math alphabet `\mathit' in version `bold'
(Font)                  OT1/cmr/bx/it --> OT1/cmss/m/it on input line 26.
LaTeX Font Info:    Redeclaring math alphabet \mathtt on input line 26.
LaTeX Font Info:    Overwriting math alphabet `\mathtt' in version `normal'
(Font)                  OT1/cmtt/m/n --> OT1/cmtt/m/n on input line 26.
LaTeX Font Info:    Overwriting math alphabet `\mathtt' in version `bold'
(Font)                  OT1/cmtt/m/n --> OT1/cmtt/m/n on input line 26.
LaTeX Font Info:    Overwriting symbol font `numbers' in version `bold'
(Font)                  OT1/cmss/m/n --> OT1/cmss/bx/n on input line 26.
LaTeX Font Info:    Overwriting symbol font `pureletters' in version `bold'
(Font)                  OT1/cmss/m/it --> OT1/cmss/bx/it on input line 26.
LaTeX Font Info:    Overwriting math alphabet `\mathrm' in version `bold'
(Font)                  OT1/cmss/bx/n --> OT1/cmr/bx/n on input line 26.
LaTeX Font Info:    Overwriting math alphabet `\mathbf' in version `bold'
(Font)                  OT1/cmss/bx/n --> OT1/cmss/bx/n on input line 26.
LaTeX Font Info:    Overwriting math alphabet `\mathsf' in version `bold'
(Font)                  OT1/cmss/m/n --> OT1/cmss/bx/n on input line 26.
LaTeX Font Info:    Overwriting math alphabet `\mathit' in version `bold'
(Font)                  OT1/cmss/m/it --> OT1/cmss/bx/it on input line 26.
LaTeX Font Info:    Overwriting math alphabet `\mathtt' in version `bold'
(Font)                  OT1/cmtt/m/n --> OT1/cmtt/bx/n on input line 26.
LaTeX Font Info:    Redeclaring symbol font `pureletters' on input line 26.
LaTeX Font Info:    Overwriting symbol font `pureletters' in version `normal'
(Font)                  OT1/cmss/m/it --> OT1/mathkerncmss/m/sl on input line 2
6.
LaTeX Font Info:    Overwriting symbol font `pureletters' in version `bold'
(Font)                  OT1/cmss/bx/it --> OT1/mathkerncmss/m/sl on input line 
26.
LaTeX Font Info:    Overwriting symbol font `pureletters' in version `bold'
(Font)                  OT1/mathkerncmss/m/sl --> OT1/mathkerncmss/bx/sl on inp
ut line 26.

(/usr/share/texlive/texmf-dist/tex/latex/beamer/translator/dicts/translator-bas
ic-dictionary/translator-basic-dictionary-English.dict
Dictionary: translator-basic-dictionary, Language: English 
)
(/usr/share/texlive/texmf-dist/tex/latex/beamer/translator/dicts/translator-bib
liography-dictionary/translator-bibliography-dictionary-English.dict
Dictionary: translator-bibliography-dictionary, Language: English 
)
(/usr/share/texlive/texmf-dist/tex/latex/beamer/translator/dicts/translator-env
ironment-dictionary/translator-environment-dictionary-English.dict
Dictionary: translator-environment-dictionary, Language: English 
)
(/usr/share/texlive/texmf-dist/tex/latex/beamer/translator/dicts/translator-mon
ths-dictionary/translator-months-dictionary-English.dict
Dictionary: translator-months-dictionary, Language: English 
)
(/usr/share/texlive/texmf-dist/tex/latex/beamer/translator/dicts/translator-num
bers-dictionary/translator-numbers-dictionary-English.dict
Dictionary: translator-numbers-dictionary, Language: English 
)
(/usr/share/texlive/texmf-dist/tex/latex/beamer/translator/dicts/translator-the
orem-dictionary/translator-theorem-dictionary-English.dict
Dictionary: translator-theorem-dictionary, Language: English 
)
LaTeX Info: Redefining \includegraphics on input line 26.
Package caption Info: Begin \AtBeginDocument code.
Package caption Info: End \AtBeginDocument code.
Package biblatex Info: No input encoding detected.
(biblatex)             Assuming 'ascii'.
Package biblatex Info: Automatic encoding selection.
(biblatex)             Assuming data encoding 'ascii'.
\openout6 = `slides-blx.bib'.

Package biblatex Info: Trying to load bibliographic data...
Package biblatex Info: ... file 'slides.bbl' found.
 (./slides.bbl)
Package biblatex Info: Reference section=0 on input line 26.
Package biblatex Info: Reference segment=0 on input line 26.

(./slides.nav)
Underfull \hbox (badness 10000) in paragraph at lines 35--35

 []


Underfull \hbox (badness 10000) in paragraph at lines 35--35

 []


Overfull \vbox (46.68573pt too high) detected at line 35
 []


LaTeX Font Warning: Font shape `OT1/cmss/m/n' in size <4> not available
(Font)              size <5> substituted on input line 35.

[1

{/var/lib/texmf/fonts/map/pdftex/updmap/pdftex.map}]
Package epstopdf Info: Source file: <slide_imgs/introslide_image.eps>
(epstopdf)                    date: 2018-10-22 17:00:40
(epstopdf)                    size: 160107 bytes
(epstopdf)             Output file: <slide_imgs/introslide_image-eps-converted-
to.pdf>
(epstopdf)                    date: 2018-10-22 17:09:34
(epstopdf)                    size: 143709 bytes
(epstopdf)             Command: <repstopdf --outfile=slide_imgs/introslide_imag
e-eps-converted-to.pdf slide_imgs/introslide_image.eps>
(epstopdf)             \includegraphics on input line 65.
Package epstopdf Info: Output file is already uptodate.

<slide_imgs/introslide_image-eps-converted-to.pdf, id=23, 611.28375pt x 607.268
75pt>
File: slide_imgs/introslide_image-eps-converted-to.pdf Graphic file (type pdf)
 <use slide_imgs/introslide_image-eps-converted-to.pdf>
Package pdftex.def Info: slide_imgs/introslide_image-eps-converted-to.pdf used 
on input line 65.
(pdftex.def)             Requested size: 170.71652pt x 169.58931pt.

Overfull \hbox (32.43703pt too wide) in paragraph at lines 65--65
 [] 
 []

LaTeX Font Info:    Try loading font information for U+msa on input line 65.
(/usr/share/texlive/texmf-dist/tex/latex/amsfonts/umsa.fd
File: umsa.fd 2013/01/14 v3.01 AMS symbols A
)
LaTeX Font Info:    Try loading font information for U+msb on input line 65.

(/usr/share/texlive/texmf-dist/tex/latex/amsfonts/umsb.fd
File: umsb.fd 2013/01/14 v3.01 AMS symbols B
)
LaTeX Font Info:    Try loading font information for OT1+mathkerncmss on input 
line 65.

(/usr/share/texlive/texmf-dist/tex/latex/sansmathaccent/ot1mathkerncmss.fd
File: ot1mathkerncmss.fd 2013/03/27 Fontinst v1.933 font definitions for OT1/ma
thkerncmss.
)
Overfull \hbox (0.4pt too wide) in paragraph at lines 65--65
[][]  
 []

[2

 <./slide_imgs/introslide_image-eps-converted-to.pdf>]
<slide_imgs/horsefly_demo_input.jpg, id=38, 3439.85126pt x 3428.81pt>
File: slide_imgs/horsefly_demo_input.jpg Graphic file (type jpg)

<use slide_imgs/horsefly_demo_input.jpg>
Package pdftex.def Info: slide_imgs/horsefly_demo_input.jpg used on input line 
108.
(pdftex.def)             Requested size: 170.71652pt x 170.14256pt.

Overfull \hbox (17.0716pt too wide) in paragraph at lines 108--108
 [] 
 []

! Missing $ inserted.
<inserted text> 
                $
l.108 \end{frame}
                 
I've inserted a begin-math/end-math symbol since I think
you left one out. Proceed, with fingers crossed.


! LaTeX Error: There's no line here to end.

See the LaTeX manual or LaTeX Companion for explanation.
Type  H <return>  for immediate help.
 ...                                              
                                                  
l.108 \end{frame}
                 
Your command was ignored.
Type  I <command> <return>  to replace it with another command,
or  <return>  to continue without it.

! Missing $ inserted.
<inserted text> 
                $
l.108 \end{frame}
                 
I've inserted a begin-math/end-math symbol since I think
you left one out. Proceed, with fingers crossed.

<slide_imgs/small_truck_and_drone.png, id=39, 747.79375pt x 497.86pt>
File: slide_imgs/small_truck_and_drone.png Graphic file (type png)

<use slide_imgs/small_truck_and_drone.png>
Package pdftex.def Info: slide_imgs/small_truck_and_drone.png used on input lin
e 108.
(pdftex.def)             Requested size: 56.9055pt x 37.88484pt.

Overfull \hbox (0.4pt too wide) in paragraph at lines 108--108
[][]  
 []


Overfull \vbox (23.03638pt too high) detected at line 108
 []

[3

 <./slide_imgs/horsefly_demo_input.jpg> <./slide_imgs/small_truck_and_drone.png
>] <slide_imgs/horsefly_demo_output.jpg, id=49, 3438.8475pt x 3439.85126pt>
File: slide_imgs/horsefly_demo_output.jpg Graphic file (type jpg)

<use slide_imgs/horsefly_demo_output.jpg>
Package pdftex.def Info: slide_imgs/horsefly_demo_output.jpg used on input line
 108.
(pdftex.def)             Requested size: 170.71652pt x 170.74292pt.

Overfull \hbox (17.0716pt too wide) in paragraph at lines 108--108
 [] 
 []

! Missing $ inserted.
<inserted text> 
                $
l.108 \end{frame}
                 
I've inserted a begin-math/end-math symbol since I think
you left one out. Proceed, with fingers crossed.


! LaTeX Error: There's no line here to end.

See the LaTeX manual or LaTeX Companion for explanation.
Type  H <return>  for immediate help.
 ...                                              
                                                  
l.108 \end{frame}
                 
Your command was ignored.
Type  I <command> <return>  to replace it with another command,
or  <return>  to continue without it.

! Missing $ inserted.
<inserted text> 
                $
l.108 \end{frame}
                 
I've inserted a begin-math/end-math symbol since I think
you left one out. Proceed, with fingers crossed.

File: slide_imgs/small_truck_and_drone.png Graphic file (type png)
<use slide_imgs/small_truck_and_drone.png>
Package pdftex.def Info: slide_imgs/small_truck_and_drone.png used on input lin
e 108.
(pdftex.def)             Requested size: 56.9055pt x 37.88484pt.

Overfull \hbox (0.4pt too wide) in paragraph at lines 108--108
[][]  
 []


Overfull \vbox (23.03638pt too high) detected at line 108
 []

[4

 <./slide_imgs/horsefly_demo_output.jpg>]
File: slide_imgs/horsefly_demo_output.jpg Graphic file (type jpg)

<use slide_imgs/horsefly_demo_output.jpg>
Package pdftex.def Info: slide_imgs/horsefly_demo_output.jpg used on input line
 143.
(pdftex.def)             Requested size: 170.71652pt x 170.74292pt.

Overfull \hbox (17.0716pt too wide) in paragraph at lines 143--143
 [] 
 []

! Missing $ inserted.
<inserted text> 
                $
l.143 \end{frame}
                 
I've inserted a begin-math/end-math symbol since I think
you left one out. Proceed, with fingers crossed.


! LaTeX Error: There's no line here to end.

See the LaTeX manual or LaTeX Companion for explanation.
Type  H <return>  for immediate help.
 ...                                              
                                                  
l.143 \end{frame}
                 
Your command was ignored.
Type  I <command> <return>  to replace it with another command,
or  <return>  to continue without it.

! Missing $ inserted.
<inserted text> 
                $
l.143 \end{frame}
                 
I've inserted a begin-math/end-math symbol since I think
you left one out. Proceed, with fingers crossed.


Overfull \hbox (0.4pt too wide) in paragraph at lines 143--143
[][]  
 []


Overfull \vbox (2.3617pt too high) detected at line 143
 []

[5

]
Overfull \hbox (0.4pt too wide) in paragraph at lines 209--209
[][]  
 []


Overfull \vbox (12.61118pt too high) detected at line 209
 []

[6

]
\openout4 = `slides.vrb'.

 (./slides.vrb
<slide_imgs/exact_different_drone_speeds.png, id=67, 3585.395pt x 2842.62pt>
File: slide_imgs/exact_different_drone_speeds.png Graphic file (type png)

<use slide_imgs/exact_different_drone_speeds.png>
Package pdftex.def Info: slide_imgs/exact_different_drone_speeds.png used on in
put line 4.
(pdftex.def)             Requested size: 298.75394pt x 236.82658pt.
)
Overfull \hbox (0.4pt too wide) in paragraph at lines 226--226
[][]  
 []


Overfull \vbox (37.88066pt too high) detected at line 226
 []

[7

 <./slide_imgs/exact_different_drone_speeds.png>]
<slide_imgs/locopt.pdf, id=74, 556.3723pt x 277.96747pt>
File: slide_imgs/locopt.pdf Graphic file (type pdf)

<use slide_imgs/locopt.pdf>
Package pdftex.def Info: slide_imgs/locopt.pdf used on input line 242.
(pdftex.def)             Requested size: 284.52756pt x 142.15598pt.

Overfull \hbox (0.4pt too wide) in paragraph at lines 242--242
[][]  
 []


Overfull \vbox (0.65607pt too high) detected at line 242
 []

[8

 <./slide_imgs/locopt.pdf>]
<slide_imgs/drone_path_self_intersect.png, id=93, 836.3747pt x 526.96875pt>
File: slide_imgs/drone_path_self_intersect.png Graphic file (type png)

<use slide_imgs/drone_path_self_intersect.png>
Package pdftex.def Info: slide_imgs/drone_path_self_intersect.png used on input
 line 258.
(pdftex.def)             Requested size: 284.52756pt x 179.27153pt.

Overfull \hbox (0.4pt too wide) in paragraph at lines 258--258
[][]  
 []


Overfull \vbox (25.20963pt too high) detected at line 258
 []

[9

 <./slide_imgs/drone_path_self_intersect.png (PNG copy)>]
<../img/lpdescr.pdf, id=100, 579.21748pt x 213.46451pt>
File: ../img/lpdescr.pdf Graphic file (type pdf)

<use ../img/lpdescr.pdf>
Package pdftex.def Info: ../img/lpdescr.pdf used on input line 281.
(pdftex.def)             Requested size: 298.75394pt x 110.10645pt.

Overfull \hbox (0.4pt too wide) in paragraph at lines 281--281
[][]  
 []

[10

 <../img/lpdescr.pdf>]
File: ../img/lpdescr.pdf Graphic file (type pdf)
 <use ../img/lpdescr.pdf>
Package pdftex.def Info: ../img/lpdescr.pdf used on input line 325.
(pdftex.def)             Requested size: 227.62204pt x 83.88922pt.

Overfull \hbox (0.4pt too wide) in paragraph at lines 325--325
[][]  
 []

[11

]
File: ../img/lpdescr.pdf Graphic file (type pdf)
 <use ../img/lpdescr.pdf>
Package pdftex.def Info: ../img/lpdescr.pdf used on input line 325.
(pdftex.def)             Requested size: 227.62204pt x 83.88922pt.

<slide_imgs/tr0.png, id=133, 463.7325pt x 296.60812pt>
File: slide_imgs/tr0.png Graphic file (type png)

<use slide_imgs/tr0.png>
Package pdftex.def Info: slide_imgs/tr0.png used on input line 325.
(pdftex.def)             Requested size: 167.87108pt x 107.37172pt.

Overfull \hbox (14.22615pt too wide) in paragraph at lines 325--325
 [] 
 []

<slide_imgs/tri.png, id=134, 591.20876pt x 352.31625pt>
File: slide_imgs/tri.png Graphic file (type png)

<use slide_imgs/tri.png>
Package pdftex.def Info: slide_imgs/tri.png used on input line 325.
(pdftex.def)             Requested size: 167.87108pt x 100.03485pt.

Overfull \hbox (14.22615pt too wide) in paragraph at lines 325--325
 [] 
 []


Overfull \hbox (0.4pt too wide) in paragraph at lines 325--325
[][]  
 []


Overfull \vbox (15.97446pt too high) detected at line 325
 []

[12

 <./slide_imgs/tr0.png (PNG copy)> <./slide_imgs/tri.png>]
<../img/Greedy_SLSQP.pdf, id=141, 544.0325pt x 584.1825pt>
File: ../img/Greedy_SLSQP.pdf Graphic file (type pdf)

<use ../img/Greedy_SLSQP.pdf>
Package pdftex.def Info: ../img/Greedy_SLSQP.pdf used on input line 361.
(pdftex.def)             Requested size: 153.6447pt x 164.98729pt.

<../img/Greedy_LP.pdf, id=142, 544.0325pt x 584.1825pt>
File: ../img/Greedy_LP.pdf Graphic file (type pdf)

<use ../img/Greedy_LP.pdf>
Package pdftex.def Info: ../img/Greedy_LP.pdf used on input line 361.
(pdftex.def)             Requested size: 153.6447pt x 164.98729pt.

! Missing $ inserted.
<inserted text> 
                $
l.361 \end{frame}
                 
I've inserted a begin-math/end-math symbol since I think
you left one out. Proceed, with fingers crossed.


! LaTeX Error: There's no line here to end.

See the LaTeX manual or LaTeX Companion for explanation.
Type  H <return>  for immediate help.
 ...                                              
                                                  
l.361 \end{frame}
                 
Your command was ignored.
Type  I <command> <return>  to replace it with another command,
or  <return>  to continue without it.

! Missing $ inserted.
<inserted text> 
                $
l.361 \end{frame}
                 
I've inserted a begin-math/end-math symbol since I think
you left one out. Proceed, with fingers crossed.

! Missing } inserted.
<inserted text> 
                }
l.361 \end{frame}
                 
I've inserted something that you may have forgotten.
(See the <inserted text> above.)
With luck, this will get me unwedged. But if you
really didn't forget anything, try typing `2' now; then
my insertion and my current dilemma will both disappear.

! Extra }, or forgotten \endgroup.
\par ...m \@noitemerr {\@@par }\fi \else {\@@par }
                                                  \fi 
l.361 \end{frame}
                 
I've deleted a group-closing symbol because it seems to be
spurious, as in `$x}$'. But perhaps the } is legitimate and
you forgot something else, as in `\hbox{$x}'. In such cases
the way to recover is to insert both the forgotten and the
deleted material, e.g., by typing `I$}'.


Overfull \hbox (0.4pt too wide) in paragraph at lines 361--361
[][]  
 []


Overfull \vbox (29.12929pt too high) detected at line 361
 []

[13

 <../img/Greedy_SLSQP.pdf> <../img/Greedy_LP.pdf

pdfTeX warning: pdflatex (file ../img/Greedy_LP.pdf): PDF inclusion: multiple p
dfs with page group included in a single page
>] <../img/tour_length_ratios.png, id=220, 456.0237pt x 285.56975pt>
File: ../img/tour_length_ratios.png Graphic file (type png)

<use ../img/tour_length_ratios.png>
Package pdftex.def Info: ../img/tour_length_ratios.png used on input line 370.
(pdftex.def)             Requested size: 284.52756pt x 178.18434pt.

Overfull \hbox (0.4pt too wide) in paragraph at lines 370--370
[][]  
 []


Overfull \vbox (7.03833pt too high) detected at line 370
 []

[14

 <../img/tour_length_ratios.png>]
<slide_imgs/collinear_horseflies.png, id=227, 699.61375pt x 801.99625pt>
File: slide_imgs/collinear_horseflies.png Graphic file (type png)

<use slide_imgs/collinear_horseflies.png>
Package pdftex.def Info: slide_imgs/collinear_horseflies.png used on input line
 398.
(pdftex.def)             Requested size: 170.71652pt x 195.68924pt.

Overfull \hbox (0.4pt too wide) in paragraph at lines 398--398
[][]  
 []

[15

 <./slide_imgs/collinear_horseflies.png>]
<slide_imgs/nearest_unvisited_neighbor.png, id=235, 735.74875pt x 701.62125pt>
File: slide_imgs/nearest_unvisited_neighbor.png Graphic file (type png)

<use slide_imgs/nearest_unvisited_neighbor.png>
Package pdftex.def Info: slide_imgs/nearest_unvisited_neighbor.png used on inpu
t line 421.
(pdftex.def)             Requested size: 187.78836pt x 179.07698pt.

Overfull \hbox (3.41257pt too wide) in paragraph at lines 421--421
 [] 
 []


Overfull \hbox (0.4pt too wide) in paragraph at lines 421--421
[][]  
 []

[16

 <./slide_imgs/nearest_unvisited_neighbor.png>]
Package epstopdf Info: Source file: <slide_imgs/input.eps>
(epstopdf)                    date: 2018-10-26 02:25:22
(epstopdf)                    size: 6547 bytes
(epstopdf)             Output file: <slide_imgs/input-eps-converted-to.pdf>
(epstopdf)                    date: 2018-10-26 02:29:28
(epstopdf)                    size: 3141 bytes
(epstopdf)             Command: <repstopdf --outfile=slide_imgs/input-eps-conve
rted-to.pdf slide_imgs/input.eps>
(epstopdf)             \includegraphics on input line 475.
Package epstopdf Info: Output file is already uptodate.

<slide_imgs/input-eps-converted-to.pdf, id=242, 344.28625pt x 449.68pt>
File: slide_imgs/input-eps-converted-to.pdf Graphic file (type pdf)

<use slide_imgs/input-eps-converted-to.pdf>
Package pdftex.def Info: slide_imgs/input-eps-converted-to.pdf used on input li
ne 475.
(pdftex.def)             Requested size: 128.0374pt x 167.22983pt.

Overfull \hbox (0.4pt too wide) in paragraph at lines 475--475
[][]  
 []


Overfull \vbox (29.41617pt too high) detected at line 475
 []

[17

 <./slide_imgs/input-eps-converted-to.pdf>]
Package epstopdf Info: Source file: <slide_imgs/point1.eps>
(epstopdf)                    date: 2018-10-26 02:29:10
(epstopdf)                    size: 6729 bytes
(epstopdf)             Output file: <slide_imgs/point1-eps-converted-to.pdf>
(epstopdf)                    date: 2018-10-26 02:29:28
(epstopdf)                    size: 3207 bytes
(epstopdf)             Command: <repstopdf --outfile=slide_imgs/point1-eps-conv
erted-to.pdf slide_imgs/point1.eps>
(epstopdf)             \includegraphics on input line 475.
Package epstopdf Info: Output file is already uptodate.

<slide_imgs/point1-eps-converted-to.pdf, id=250, 344.28625pt x 449.68pt>
File: slide_imgs/point1-eps-converted-to.pdf Graphic file (type pdf)

<use slide_imgs/point1-eps-converted-to.pdf>
Package pdftex.def Info: slide_imgs/point1-eps-converted-to.pdf used on input l
ine 475.
(pdftex.def)             Requested size: 128.0374pt x 167.22983pt.

Overfull \hbox (0.4pt too wide) in paragraph at lines 475--475
[][]  
 []


Overfull \vbox (29.41617pt too high) detected at line 475
 []

[18

 <./slide_imgs/point1-eps-converted-to.pdf>]
Package epstopdf Info: Source file: <slide_imgs/point2.eps>
(epstopdf)                    date: 2018-10-26 01:58:16
(epstopdf)                    size: 6804 bytes
(epstopdf)             Output file: <slide_imgs/point2-eps-converted-to.pdf>
(epstopdf)                    date: 2018-10-26 01:59:58
(epstopdf)                    size: 3256 bytes
(epstopdf)             Command: <repstopdf --outfile=slide_imgs/point2-eps-conv
erted-to.pdf slide_imgs/point2.eps>
(epstopdf)             \includegraphics on input line 475.
Package epstopdf Info: Output file is already uptodate.

<slide_imgs/point2-eps-converted-to.pdf, id=258, 344.28625pt x 449.68pt>
File: slide_imgs/point2-eps-converted-to.pdf Graphic file (type pdf)

<use slide_imgs/point2-eps-converted-to.pdf>
Package pdftex.def Info: slide_imgs/point2-eps-converted-to.pdf used on input l
ine 475.
(pdftex.def)             Requested size: 128.0374pt x 167.22983pt.

Overfull \hbox (0.4pt too wide) in paragraph at lines 475--475
[][]  
 []


Overfull \vbox (29.41617pt too high) detected at line 475
 []

[19

 <./slide_imgs/point2-eps-converted-to.pdf>]
Package epstopdf Info: Source file: <slide_imgs/point3.eps>
(epstopdf)                    date: 2018-10-26 01:58:16
(epstopdf)                    size: 6888 bytes
(epstopdf)             Output file: <slide_imgs/point3-eps-converted-to.pdf>
(epstopdf)                    date: 2018-10-26 01:59:58
(epstopdf)                    size: 3249 bytes
(epstopdf)             Command: <repstopdf --outfile=slide_imgs/point3-eps-conv
erted-to.pdf slide_imgs/point3.eps>
(epstopdf)             \includegraphics on input line 475.
Package epstopdf Info: Output file is already uptodate.

<slide_imgs/point3-eps-converted-to.pdf, id=267, 344.28625pt x 449.68pt>
File: slide_imgs/point3-eps-converted-to.pdf Graphic file (type pdf)

<use slide_imgs/point3-eps-converted-to.pdf>
Package pdftex.def Info: slide_imgs/point3-eps-converted-to.pdf used on input l
ine 475.
(pdftex.def)             Requested size: 128.0374pt x 167.22983pt.

Overfull \hbox (0.4pt too wide) in paragraph at lines 475--475
[][]  
 []


Overfull \vbox (29.41617pt too high) detected at line 475
 []

[20

 <./slide_imgs/point3-eps-converted-to.pdf>]
Package epstopdf Info: Source file: <slide_imgs/point4.eps>
(epstopdf)                    date: 2018-10-26 01:58:16
(epstopdf)                    size: 6968 bytes
(epstopdf)             Output file: <slide_imgs/point4-eps-converted-to.pdf>
(epstopdf)                    date: 2018-10-26 01:59:58
(epstopdf)                    size: 3297 bytes
(epstopdf)             Command: <repstopdf --outfile=slide_imgs/point4-eps-conv
erted-to.pdf slide_imgs/point4.eps>
(epstopdf)             \includegraphics on input line 475.
Package epstopdf Info: Output file is already uptodate.

<slide_imgs/point4-eps-converted-to.pdf, id=275, 344.28625pt x 449.68pt>
File: slide_imgs/point4-eps-converted-to.pdf Graphic file (type pdf)

<use slide_imgs/point4-eps-converted-to.pdf>
Package pdftex.def Info: slide_imgs/point4-eps-converted-to.pdf used on input l
ine 475.
(pdftex.def)             Requested size: 128.0374pt x 167.22983pt.

Overfull \hbox (0.4pt too wide) in paragraph at lines 475--475
[][]  
 []


Overfull \vbox (29.41617pt too high) detected at line 475
 []

[21

 <./slide_imgs/point4-eps-converted-to.pdf>]
Package epstopdf Info: Source file: <slide_imgs/point5.eps>
(epstopdf)                    date: 2018-10-26 01:58:16
(epstopdf)                    size: 7070 bytes
(epstopdf)             Output file: <slide_imgs/point5-eps-converted-to.pdf>
(epstopdf)                    date: 2018-10-26 01:59:58
(epstopdf)                    size: 3319 bytes
(epstopdf)             Command: <repstopdf --outfile=slide_imgs/point5-eps-conv
erted-to.pdf slide_imgs/point5.eps>
(epstopdf)             \includegraphics on input line 475.
Package epstopdf Info: Output file is already uptodate.

<slide_imgs/point5-eps-converted-to.pdf, id=283, 344.28625pt x 449.68pt>
File: slide_imgs/point5-eps-converted-to.pdf Graphic file (type pdf)

<use slide_imgs/point5-eps-converted-to.pdf>
Package pdftex.def Info: slide_imgs/point5-eps-converted-to.pdf used on input l
ine 475.
(pdftex.def)             Requested size: 128.0374pt x 167.22983pt.

Overfull \hbox (0.4pt too wide) in paragraph at lines 475--475
[][]  
 []


Overfull \vbox (29.41617pt too high) detected at line 475
 []

[22

 <./slide_imgs/point5-eps-converted-to.pdf>]
Package epstopdf Info: Source file: <slide_imgs/point6.eps>
(epstopdf)                    date: 2018-10-26 01:58:16
(epstopdf)                    size: 7148 bytes
(epstopdf)             Output file: <slide_imgs/point6-eps-converted-to.pdf>
(epstopdf)                    date: 2018-10-26 01:59:58
(epstopdf)                    size: 3323 bytes
(epstopdf)             Command: <repstopdf --outfile=slide_imgs/point6-eps-conv
erted-to.pdf slide_imgs/point6.eps>
(epstopdf)             \includegraphics on input line 475.
Package epstopdf Info: Output file is already uptodate.

<slide_imgs/point6-eps-converted-to.pdf, id=291, 344.28625pt x 449.68pt>
File: slide_imgs/point6-eps-converted-to.pdf Graphic file (type pdf)

<use slide_imgs/point6-eps-converted-to.pdf>
Package pdftex.def Info: slide_imgs/point6-eps-converted-to.pdf used on input l
ine 475.
(pdftex.def)             Requested size: 128.0374pt x 167.22983pt.

Overfull \hbox (0.4pt too wide) in paragraph at lines 475--475
[][]  
 []


Overfull \vbox (29.41617pt too high) detected at line 475
 []

[23

 <./slide_imgs/point6-eps-converted-to.pdf>]
Package epstopdf Info: Source file: <slide_imgs/point7.eps>
(epstopdf)                    date: 2018-10-26 01:58:16
(epstopdf)                    size: 7262 bytes
(epstopdf)             Output file: <slide_imgs/point7-eps-converted-to.pdf>
(epstopdf)                    date: 2018-10-26 02:00:00
(epstopdf)                    size: 3379 bytes
(epstopdf)             Command: <repstopdf --outfile=slide_imgs/point7-eps-conv
erted-to.pdf slide_imgs/point7.eps>
(epstopdf)             \includegraphics on input line 475.
Package epstopdf Info: Output file is already uptodate.

<slide_imgs/point7-eps-converted-to.pdf, id=299, 344.28625pt x 449.68pt>
File: slide_imgs/point7-eps-converted-to.pdf Graphic file (type pdf)

<use slide_imgs/point7-eps-converted-to.pdf>
Package pdftex.def Info: slide_imgs/point7-eps-converted-to.pdf used on input l
ine 475.
(pdftex.def)             Requested size: 128.0374pt x 167.22983pt.

Overfull \hbox (0.4pt too wide) in paragraph at lines 475--475
[][]  
 []


Overfull \vbox (29.41617pt too high) detected at line 475
 []

[24

 <./slide_imgs/point7-eps-converted-to.pdf>]
Package epstopdf Info: Source file: <slide_imgs/k2means_explain_input.eps>
(epstopdf)                    date: 2018-10-25 12:07:38
(epstopdf)                    size: 124495 bytes
(epstopdf)             Output file: <slide_imgs/k2means_explain_input-eps-conve
rted-to.pdf>
(epstopdf)                    date: 2018-10-25 12:11:56
(epstopdf)                    size: 129535 bytes
(epstopdf)             Command: <repstopdf --outfile=slide_imgs/k2means_explain
_input-eps-converted-to.pdf slide_imgs/k2means_explain_input.eps>
(epstopdf)             \includegraphics on input line 485.
Package epstopdf Info: Output file is already uptodate.

<slide_imgs/k2means_explain_input-eps-converted-to.pdf, id=307, 488.82625pt x 3
80.42125pt>
File: slide_imgs/k2means_explain_input-eps-converted-to.pdf Graphic file (type 
pdf)
 <use slide_imgs/k2means_explain_input-eps-converted-to.pdf>
Package pdftex.def Info: slide_imgs/k2means_explain_input-eps-converted-to.pdf 
used on input line 485.
(pdftex.def)             Requested size: 187.78836pt x 146.14626pt.

Overfull \hbox (0.4pt too wide) in paragraph at lines 485--485
[][]  
 []

[25

 <./slide_imgs/k2means_explain_input-eps-converted-to.pdf>]
Package epstopdf Info: Source file: <slide_imgs/k2means_explain_cluster1.eps>
(epstopdf)                    date: 2018-10-25 12:08:16
(epstopdf)                    size: 292029 bytes
(epstopdf)             Output file: <slide_imgs/k2means_explain_cluster1-eps-co
nverted-to.pdf>
(epstopdf)                    date: 2018-10-25 12:11:56
(epstopdf)                    size: 288129 bytes
(epstopdf)             Command: <repstopdf --outfile=slide_imgs/k2means_explain
_cluster1-eps-converted-to.pdf slide_imgs/k2means_explain_cluster1.eps>
(epstopdf)             \includegraphics on input line 485.
Package epstopdf Info: Output file is already uptodate.

<slide_imgs/k2means_explain_cluster1-eps-converted-to.pdf, id=317, 582.175pt x 
454.69875pt>
File: slide_imgs/k2means_explain_cluster1-eps-converted-to.pdf Graphic file (ty
pe pdf)
 <use slide_imgs/k2means_explain_cluster1-eps-converted-to.pdf>
Package pdftex.def Info: slide_imgs/k2means_explain_cluster1-eps-converted-to.p
df used on input line 485.
(pdftex.def)             Requested size: 227.62204pt x 177.77583pt.

Overfull \hbox (0.4pt too wide) in paragraph at lines 485--485
[][]  
 []

[26

 <./slide_imgs/k2means_explain_cluster1-eps-converted-to.pdf>]
Package epstopdf Info: Source file: <slide_imgs/k2means_explain_cluster2.eps>
(epstopdf)                    date: 2018-10-25 12:08:46
(epstopdf)                    size: 353893 bytes
(epstopdf)             Output file: <slide_imgs/k2means_explain_cluster2-eps-co
nverted-to.pdf>
(epstopdf)                    date: 2018-10-25 12:11:58
(epstopdf)                    size: 349359 bytes
(epstopdf)             Command: <repstopdf --outfile=slide_imgs/k2means_explain
_cluster2-eps-converted-to.pdf slide_imgs/k2means_explain_cluster2.eps>
(epstopdf)             \includegraphics on input line 485.
Package epstopdf Info: Output file is already uptodate.

<slide_imgs/k2means_explain_cluster2-eps-converted-to.pdf, id=326, 582.175pt x 
454.69875pt>
File: slide_imgs/k2means_explain_cluster2-eps-converted-to.pdf Graphic file (ty
pe pdf)
 <use slide_imgs/k2means_explain_cluster2-eps-converted-to.pdf>
Package pdftex.def Info: slide_imgs/k2means_explain_cluster2-eps-converted-to.p
df used on input line 485.
(pdftex.def)             Requested size: 227.62204pt x 177.77583pt.

Overfull \hbox (0.4pt too wide) in paragraph at lines 485--485
[][]  
 []

[27

 <./slide_imgs/k2means_explain_cluster2-eps-converted-to.pdf>]
<../img/greedy_example.pdf, id=335, 582.175pt x 616.3025pt>
File: ../img/greedy_example.pdf Graphic file (type pdf)

<use ../img/greedy_example.pdf>
Package pdftex.def Info: ../img/greedy_example.pdf used on input line 519.
(pdftex.def)             Requested size: 147.95424pt x 156.62373pt.

<../img/k2means_example.pdf, id=336, 582.175pt x 616.3025pt>
File: ../img/k2means_example.pdf Graphic file (type pdf)

<use ../img/k2means_example.pdf>
Package pdftex.def Info: ../img/k2means_example.pdf used on input line 519.
(pdftex.def)             Requested size: 147.95424pt x 156.62373pt.

Overfull \hbox (0.4pt too wide) in paragraph at lines 519--519
[][]  
 []


Overfull \vbox (29.06839pt too high) detected at line 519
 []

[28

 <../img/greedy_example.pdf> <../img/k2means_example.pdf

pdfTeX warning: pdflatex (file ../img/k2means_example.pdf): PDF inclusion: mult
iple pdfs with page group included in a single page
>] <slide_imgs/compare_k2means_greedy.png, id=413, 956.82469pt x 496.10344pt>
File: slide_imgs/compare_k2means_greedy.png Graphic file (type png)

<use slide_imgs/compare_k2means_greedy.png>
Package pdftex.def Info: slide_imgs/compare_k2means_greedy.png used on input li
ne 528.
(pdftex.def)             Requested size: 341.43306pt x 177.03012pt.

Overfull \hbox (34.14319pt too wide) in paragraph at lines 528--528
 [] 
 []


Overfull \hbox (0.4pt too wide) in paragraph at lines 528--528
[][]  
 []

[29

 <./slide_imgs/compare_k2means_greedy.png (PNG copy)>]
<slide_imgs/logn_approx.png, id=420, 779.91376pt x 401.24907pt>
File: slide_imgs/logn_approx.png Graphic file (type png)

<use slide_imgs/logn_approx.png>
Package pdftex.def Info: slide_imgs/logn_approx.png used on input line 544.
(pdftex.def)             Requested size: 284.52756pt x 146.38428pt.

Overfull \hbox (0.4pt too wide) in paragraph at lines 544--544
[][]  
 []

[30

 <./slide_imgs/logn_approx.png (PNG copy)>]
<slide_imgs/wbsst.png, id=426, 783.67781pt x 423.83344pt>
File: slide_imgs/wbsst.png Graphic file (type png)

<use slide_imgs/wbsst.png>
Package pdftex.def Info: slide_imgs/wbsst.png used on input line 553.
(pdftex.def)             Requested size: 284.52756pt x 153.8798pt.

Overfull \hbox (0.4pt too wide) in paragraph at lines 553--553
[][]  
 []

[31

 <./slide_imgs/wbsst.png (PNG copy)>]
LaTeX Font Info:    Try loading font information for OMS+cmss on input line 562
.
LaTeX Font Info:    No file OMScmss.fd. on input line 562.


LaTeX Font Warning: Font shape `OMS/cmss/m/n' undefined
(Font)              using `OMS/cmsy/m/n' instead
(Font)              for symbol `textbullet' on input line 562.


Overfull \hbox (0.4pt too wide) in paragraph at lines 562--562
[][]  
 []

[32

]
! Undefined control sequence.
<recently read> \centeringe 
                            
l.571 \end{frame}
                 
The control sequence at the end of the top line
of your error message was never \def'ed. If you have
misspelled it (e.g., `\hobx'), type `I' and the correct
spelling (e.g., `I\hbox'). Otherwise just continue,
and I'll forget about whatever was undefined.

Package epstopdf Info: Source file: <slide_imgs/reverse_horsefly.eps>
(epstopdf)                    date: 2018-10-25 21:43:58
(epstopdf)                    size: 142287 bytes
(epstopdf)             Output file: <slide_imgs/reverse_horsefly-eps-converted-
to.pdf>
(epstopdf)                    date: 2018-10-25 21:46:26
(epstopdf)                    size: 47906 bytes
(epstopdf)             Command: <repstopdf --outfile=slide_imgs/reverse_horsefl
y-eps-converted-to.pdf slide_imgs/reverse_horsefly.eps>
(epstopdf)             \includegraphics on input line 571.
Package epstopdf Info: Output file is already uptodate.

<slide_imgs/reverse_horsefly-eps-converted-to.pdf, id=438, 573.14125pt x 445.66
5pt>
File: slide_imgs/reverse_horsefly-eps-converted-to.pdf Graphic file (type pdf)
 <use slide_imgs/reverse_horsefly-eps-converted-to.pdf>
Package pdftex.def Info: slide_imgs/reverse_horsefly-eps-converted-to.pdf used 
on input line 571.
(pdftex.def)             Requested size: 284.52756pt x 221.24748pt.

Overfull \hbox (0.4pt too wide) in paragraph at lines 571--571
[][]  
 []


Overfull \vbox (22.30156pt too high) detected at line 571
 []

[33

 <./slide_imgs/reverse_horsefly-eps-converted-to.pdf>]
Package epstopdf Info: Source file: <slide_imgs/fixed_truck_route_variant.eps>
(epstopdf)                    date: 2018-10-25 21:46:14
(epstopdf)                    size: 214783 bytes
(epstopdf)             Output file: <slide_imgs/fixed_truck_route_variant-eps-c
onverted-to.pdf>
(epstopdf)                    date: 2018-10-25 21:46:28
(epstopdf)                    size: 200634 bytes
(epstopdf)             Command: <repstopdf --outfile=slide_imgs/fixed_truck_rou
te_variant-eps-converted-to.pdf slide_imgs/fixed_truck_route_variant.eps>
(epstopdf)             \includegraphics on input line 581.
Package epstopdf Info: Output file is already uptodate.

<slide_imgs/fixed_truck_route_variant-eps-converted-to.pdf, id=450, 430.60875pt
 x 310.15875pt>
File: slide_imgs/fixed_truck_route_variant-eps-converted-to.pdf Graphic file (t
ype pdf)

<use slide_imgs/fixed_truck_route_variant-eps-converted-to.pdf>
Package pdftex.def Info: slide_imgs/fixed_truck_route_variant-eps-converted-to.
pdf used on input line 581.
(pdftex.def)             Requested size: 227.62204pt x 163.95268pt.

Overfull \hbox (0.4pt too wide) in paragraph at lines 581--581
[][]  
 []

[34

 <./slide_imgs/fixed_truck_route_variant-eps-converted-to.pdf>]
Package epstopdf Info: Source file: <slide_imgs/segment_horsefly.eps>
(epstopdf)                    date: 2018-10-25 10:51:00
(epstopdf)                    size: 34023 bytes
(epstopdf)             Output file: <slide_imgs/segment_horsefly-eps-converted-
to.pdf>
(epstopdf)                    date: 2018-10-25 10:51:08
(epstopdf)                    size: 14544 bytes
(epstopdf)             Command: <repstopdf --outfile=slide_imgs/segment_horsefl
y-eps-converted-to.pdf slide_imgs/segment_horsefly.eps>
(epstopdf)             \includegraphics on input line 591.
Package epstopdf Info: Output file is already uptodate.

<slide_imgs/segment_horsefly-eps-converted-to.pdf, id=463, 413.545pt x 261.9787
4pt>
File: slide_imgs/segment_horsefly-eps-converted-to.pdf Graphic file (type pdf)
 <use slide_imgs/segment_horsefly-eps-converted-to.pdf>
Package pdftex.def Info: slide_imgs/segment_horsefly-eps-converted-to.pdf used 
on input line 591.
(pdftex.def)             Requested size: 227.62204pt x 144.20068pt.

Overfull \hbox (0.4pt too wide) in paragraph at lines 591--591
[][]  
 []

[35

 <./slide_imgs/segment_horsefly-eps-converted-to.pdf>]
Package epstopdf Info: Source file: <slide_imgs/multiple_drones.eps>
(epstopdf)                    date: 2018-10-25 21:42:50
(epstopdf)                    size: 50690 bytes
(epstopdf)             Output file: <slide_imgs/multiple_drones-eps-converted-t
o.pdf>
(epstopdf)                    date: 2018-10-25 21:46:28
(epstopdf)                    size: 21804 bytes
(epstopdf)             Command: <repstopdf --outfile=slide_imgs/multiple_drones
-eps-converted-to.pdf slide_imgs/multiple_drones.eps>
(epstopdf)             \includegraphics on input line 601.
Package epstopdf Info: Output file is already uptodate.

<slide_imgs/multiple_drones-eps-converted-to.pdf, id=475, 829.0975pt x 748.7975
pt>
File: slide_imgs/multiple_drones-eps-converted-to.pdf Graphic file (type pdf)
 <use slide_imgs/multiple_drones-eps-converted-to.pdf>
Package pdftex.def Info: slide_imgs/multiple_drones-eps-converted-to.pdf used o
n input line 601.
(pdftex.def)             Requested size: 256.0748pt x 231.2679pt.

Overfull \hbox (0.4pt too wide) in paragraph at lines 601--601
[][]  
 []


Overfull \vbox (28.01244pt too high) detected at line 601
 []

[36

 <./slide_imgs/multiple_drones-eps-converted-to.pdf>]
Overfull \hbox (0.4pt too wide) in paragraph at lines 615--615
[][]  
 []

[37

]
\tf@nav=\write8
\openout8 = `slides.nav'.

\tf@toc=\write9
\openout9 = `slides.toc'.

\tf@snm=\write10
\openout10 = `slides.snm'.

Package atveryend Info: Empty hook `BeforeClearDocument' on input line 617.
Package atveryend Info: Empty hook `AfterLastShipout' on input line 617.
 (./slides.aux)
Package atveryend Info: Executing hook `AtVeryEndDocument' on input line 617.
Package atveryend Info: Executing hook `AtEndAfterFileList' on input line 617.
Package rerunfilecheck Info: File `slides.out' has not changed.
(rerunfilecheck)             Checksum: D41D8CD98F00B204E9800998ECF8427E;0.


LaTeX Font Warning: Size substitutions with differences
(Font)              up to 1.0pt have occurred.


LaTeX Font Warning: Some font shapes were not available, defaults substituted.

Package logreq Info: Writing requests to 'slides.run.xml'.
\openout1 = `slides.run.xml'.

Package atveryend Info: Empty hook `AtVeryVeryEnd' on input line 617.
 )
(\end occurred when \iftrue on line 26 was incomplete) 
Here is how much of TeX's memory you used:
 26440 strings out of 493029
 515637 string characters out of 6136234
 668811 words of memory out of 5000000
 29315 multiletter control sequences out of 15000+600000
 23506 words of font info for 85 fonts, out of 8000000 for 9000
 1141 hyphenation exceptions out of 8191
 56i,13n,95p,1772b,825s stack positions out of 5000i,500n,10000p,200000b,80000s
</usr/share/texlive/texmf
-dist/fonts/type1/public/amsfonts/cmextra/cmex7.pfb></usr/share/texlive/texmf-d
ist/fonts/type1/public/amsfonts/cm/cmmi10.pfb></usr/share/texlive/texmf-dist/fo
nts/type1/public/amsfonts/cm/cmmi12.pfb></usr/share/texlive/texmf-dist/fonts/ty
pe1/public/amsfonts/cm/cmmi5.pfb></usr/share/texlive/texmf-dist/fonts/type1/pub
lic/amsfonts/cm/cmmi6.pfb></usr/share/texlive/texmf-dist/fonts/type1/public/ams
fonts/cm/cmr12.pfb></usr/share/texlive/texmf-dist/fonts/type1/public/amsfonts/c
m/cmr17.pfb></usr/share/texlive/texmf-dist/fonts/type1/public/amsfonts/cm/cmss1
0.pfb></usr/share/texlive/texmf-dist/fonts/type1/public/amsfonts/cm/cmss12.pfb>
</usr/share/texlive/texmf-dist/fonts/type1/public/amsfonts/cm/cmss17.pfb></usr/
share/texlive/texmf-dist/fonts/type1/public/amsfonts/cm/cmss8.pfb></usr/share/t
exlive/texmf-dist/fonts/type1/public/amsfonts/cm/cmss9.pfb></usr/share/texlive/
texmf-dist/fonts/type1/public/amsfonts/cm/cmssbx10.pfb></usr/share/texlive/texm
f-dist/fonts/type1/public/amsfonts/cm/cmssi10.pfb></usr/share/texlive/texmf-dis
t/fonts/type1/public/amsfonts/cm/cmssi12.pfb></usr/share/texlive/texmf-dist/fon
ts/type1/public/amsfonts/cm/cmssi8.pfb></usr/share/texlive/texmf-dist/fonts/typ
e1/public/amsfonts/cm/cmsy10.pfb></usr/share/texlive/texmf-dist/fonts/type1/pub
lic/amsfonts/cm/cmsy5.pfb></usr/share/texlive/texmf-dist/fonts/type1/public/ams
fonts/cm/cmsy6.pfb></usr/share/texlive/texmf-dist/fonts/type1/public/amsfonts/c
m/cmtt9.pfb></usr/share/texlive/texmf-dist/fonts/type1/public/amsfonts/symbols/
msbm5.pfb>
Output written on slides.pdf (37 pages, 5453822 bytes).
PDF statistics:
 576 PDF objects out of 1000 (max. 8388607)
 348 compressed objects within 4 object streams
 75 named destinations out of 1000 (max. 500000)
 218 words of extra memory for PDF output out of 10000 (max. 10000000)

